{"/home/travis/build/npmtest/node-npmtest-pa11y/test.js":{"path":"/home/travis/build/npmtest/node-npmtest-pa11y/test.js","s":{"1":2,"2":2,"3":2,"4":2,"5":2,"6":2,"7":2,"8":1,"9":2,"10":2,"11":1,"12":1,"13":1,"14":1,"15":2,"16":2,"17":2,"18":2,"19":1,"20":1,"21":2,"22":2,"23":2,"24":1,"25":1,"26":1,"27":1,"28":1,"29":1,"30":1,"31":1,"32":1,"33":1,"34":1,"35":1,"36":1,"37":1,"38":1,"39":2,"40":2,"41":1,"42":2,"43":2,"44":1,"45":2,"46":2,"47":1,"48":2,"49":2,"50":1,"51":1,"52":1,"53":1,"54":1},"b":{"1":[2,1,1,1],"2":[1,1,1,1],"3":[1,1],"4":[1,1],"5":[1,1],"6":[1,1],"7":[1,1],"8":[1,1],"9":[1,1],"10":[1,1,1],"11":[1,1],"12":[1,1],"13":[1,1],"14":[1,1],"15":[1,1],"16":[1,1],"17":[1,1]},"f":{"1":2,"2":2,"3":2,"4":2,"5":2,"6":1,"7":1,"8":1,"9":2,"10":2,"11":2,"12":2,"13":1},"fnMap":{"1":{"name":"(anonymous_1)","line":12,"loc":{"start":{"line":12,"column":1},"end":{"line":12,"column":13}}},"2":{"name":"(anonymous_2)","line":19,"loc":{"start":{"line":19,"column":5},"end":{"line":19,"column":17}}},"3":{"name":"(anonymous_3)","line":23,"loc":{"start":{"line":23,"column":24},"end":{"line":23,"column":36}}},"4":{"name":"(anonymous_4)","line":61,"loc":{"start":{"line":61,"column":5},"end":{"line":61,"column":17}}},"5":{"name":"(anonymous_5)","line":82,"loc":{"start":{"line":82,"column":5},"end":{"line":82,"column":17}}},"6":{"name":"(anonymous_6)","line":91,"loc":{"start":{"line":91,"column":77},"end":{"line":94,"column":10}}},"7":{"name":"(anonymous_7)","line":112,"loc":{"start":{"line":112,"column":83},"end":{"line":115,"column":10}},"skip":true},"8":{"name":"(anonymous_8)","line":123,"loc":{"start":{"line":123,"column":77},"end":{"line":126,"column":10}},"skip":true},"9":{"name":"(anonymous_9)","line":139,"loc":{"start":{"line":139,"column":12},"end":{"line":139,"column":40}},"skip":true},"10":{"name":"(anonymous_10)","line":147,"loc":{"start":{"line":147,"column":77},"end":{"line":150,"column":10}},"skip":true},"11":{"name":"(anonymous_11)","line":158,"loc":{"start":{"line":158,"column":83},"end":{"line":161,"column":10}},"skip":true},"12":{"name":"(anonymous_12)","line":169,"loc":{"start":{"line":169,"column":79},"end":{"line":172,"column":10}},"skip":true},"13":{"name":"(anonymous_13)","line":180,"loc":{"start":{"line":180,"column":75},"end":{"line":183,"column":10}},"skip":true}},"statementMap":{"1":{"start":{"line":12,"column":0},"end":{"line":195,"column":5}},"2":{"start":{"line":14,"column":4},"end":{"line":14,"column":14}},"3":{"start":{"line":19,"column":4},"end":{"line":56,"column":9}},"4":{"start":{"line":21,"column":8},"end":{"line":21,"column":19}},"5":{"start":{"line":23,"column":8},"end":{"line":35,"column":13}},"6":{"start":{"line":24,"column":12},"end":{"line":34,"column":13}},"7":{"start":{"line":25,"column":16},"end":{"line":28,"column":30}},"8":{"start":{"line":30,"column":16},"end":{"line":33,"column":27}},"9":{"start":{"line":37,"column":8},"end":{"line":39,"column":21}},"10":{"start":{"line":40,"column":8},"end":{"line":53,"column":9}},"11":{"start":{"line":43,"column":12},"end":{"line":46,"column":14}},"12":{"start":{"line":47,"column":12},"end":{"line":47,"column":18}},"13":{"start":{"line":50,"column":12},"end":{"line":51,"column":33}},"14":{"start":{"line":52,"column":12},"end":{"line":52,"column":18}},"15":{"start":{"line":55,"column":8},"end":{"line":55,"column":35}},"16":{"start":{"line":61,"column":4},"end":{"line":63,"column":9}},"17":{"start":{"line":62,"column":8},"end":{"line":62,"column":15}},"18":{"start":{"line":64,"column":4},"end":{"line":77,"column":5}},"19":{"start":{"line":70,"column":8},"end":{"line":70,"column":14}},"20":{"start":{"line":76,"column":8},"end":{"line":76,"column":14}},"21":{"start":{"line":82,"column":4},"end":{"line":84,"column":9}},"22":{"start":{"line":83,"column":8},"end":{"line":83,"column":15}},"23":{"start":{"line":85,"column":4},"end":{"line":194,"column":5}},"24":{"start":{"line":91,"column":8},"end":{"line":99,"column":10}},"25":{"start":{"line":98,"column":12},"end":{"line":98,"column":35}},"26":{"start":{"line":102,"column":8},"end":{"line":104,"column":63}},"27":{"start":{"line":105,"column":8},"end":{"line":105,"column":14}},"28":{"start":{"line":112,"column":8},"end":{"line":121,"column":10},"skip":true},"29":{"start":{"line":119,"column":12},"end":{"line":119,"column":55},"skip":true},"30":{"start":{"line":120,"column":12},"end":{"line":120,"column":48},"skip":true},"31":{"start":{"line":123,"column":8},"end":{"line":136,"column":10},"skip":true},"32":{"start":{"line":130,"column":12},"end":{"line":130,"column":76},"skip":true},"33":{"start":{"line":131,"column":12},"end":{"line":131,"column":73},"skip":true},"34":{"start":{"line":132,"column":12},"end":{"line":132,"column":74},"skip":true},"35":{"start":{"line":133,"column":12},"end":{"line":133,"column":79},"skip":true},"36":{"start":{"line":134,"column":12},"end":{"line":134,"column":25},"skip":true},"37":{"start":{"line":135,"column":12},"end":{"line":135,"column":45},"skip":true},"38":{"start":{"line":138,"column":8},"end":{"line":145,"column":14},"skip":true},"39":{"start":{"line":143,"column":16},"end":{"line":143,"column":29},"skip":true},"40":{"start":{"line":144,"column":16},"end":{"line":144,"column":55},"skip":true},"41":{"start":{"line":147,"column":8},"end":{"line":156,"column":10},"skip":true},"42":{"start":{"line":154,"column":12},"end":{"line":154,"column":25},"skip":true},"43":{"start":{"line":155,"column":12},"end":{"line":155,"column":45},"skip":true},"44":{"start":{"line":158,"column":8},"end":{"line":167,"column":10},"skip":true},"45":{"start":{"line":165,"column":12},"end":{"line":165,"column":25},"skip":true},"46":{"start":{"line":166,"column":12},"end":{"line":166,"column":48},"skip":true},"47":{"start":{"line":169,"column":8},"end":{"line":178,"column":10},"skip":true},"48":{"start":{"line":176,"column":12},"end":{"line":176,"column":25},"skip":true},"49":{"start":{"line":177,"column":12},"end":{"line":177,"column":46},"skip":true},"50":{"start":{"line":180,"column":8},"end":{"line":189,"column":10},"skip":true},"51":{"start":{"line":187,"column":12},"end":{"line":187,"column":94},"skip":true},"52":{"start":{"line":188,"column":12},"end":{"line":188,"column":48},"skip":true},"53":{"start":{"line":192,"column":8},"end":{"line":192,"column":35},"skip":true},"54":{"start":{"line":193,"column":8},"end":{"line":193,"column":14},"skip":true}},"branchMap":{"1":{"line":25,"type":"binary-expr","locations":[{"start":{"line":25,"column":23},"end":{"line":25,"column":62}},{"start":{"line":26,"column":20},"end":{"line":26,"column":70}},{"start":{"line":27,"column":20},"end":{"line":27,"column":71}},{"start":{"line":28,"column":20},"end":{"line":28,"column":29}}]},"2":{"line":30,"type":"binary-expr","locations":[{"start":{"line":30,"column":23},"end":{"line":30,"column":37}},{"start":{"line":31,"column":20},"end":{"line":31,"column":61}},{"start":{"line":32,"column":20},"end":{"line":32,"column":70}},{"start":{"line":33,"column":20},"end":{"line":33,"column":26}}]},"3":{"line":37,"type":"cond-expr","locations":[{"start":{"line":38,"column":14},"end":{"line":38,"column":20}},{"start":{"line":39,"column":14},"end":{"line":39,"column":20}}]},"4":{"line":40,"type":"switch","locations":[{"start":{"line":42,"column":8},"end":{"line":47,"column":18}},{"start":{"line":49,"column":8},"end":{"line":52,"column":18}}]},"5":{"line":44,"type":"binary-expr","locations":[{"start":{"line":44,"column":16},"end":{"line":44,"column":44}},{"start":{"line":44,"column":48},"end":{"line":44,"column":66}}]},"6":{"line":50,"type":"binary-expr","locations":[{"start":{"line":50,"column":21},"end":{"line":50,"column":49}},{"start":{"line":50,"column":53},"end":{"line":50,"column":72}}]},"7":{"line":64,"type":"switch","locations":[{"start":{"line":69,"column":4},"end":{"line":70,"column":14}},{"start":{"line":75,"column":4},"end":{"line":76,"column":14}}]},"8":{"line":85,"type":"switch","locations":[{"start":{"line":90,"column":4},"end":{"line":105,"column":14}},{"start":{"line":111,"column":4},"end":{"line":193,"column":14},"skip":true}]},"9":{"line":91,"type":"binary-expr","locations":[{"start":{"line":91,"column":42},"end":{"line":91,"column":73}},{"start":{"line":91,"column":77},"end":{"line":99,"column":9}}]},"10":{"line":102,"type":"binary-expr","locations":[{"start":{"line":102,"column":18},"end":{"line":102,"column":32}},{"start":{"line":103,"column":12},"end":{"line":103,"column":53}},{"start":{"line":104,"column":12},"end":{"line":104,"column":61}}]},"11":{"line":112,"type":"binary-expr","locations":[{"start":{"line":112,"column":45},"end":{"line":112,"column":79},"skip":true},{"start":{"line":112,"column":83},"end":{"line":121,"column":9},"skip":true}]},"12":{"line":123,"type":"binary-expr","locations":[{"start":{"line":123,"column":42},"end":{"line":123,"column":73},"skip":true},{"start":{"line":123,"column":77},"end":{"line":136,"column":9},"skip":true}]},"13":{"line":138,"type":"binary-expr","locations":[{"start":{"line":138,"column":48},"end":{"line":138,"column":85},"skip":true},{"start":{"line":139,"column":12},"end":{"line":145,"column":13},"skip":true}]},"14":{"line":147,"type":"binary-expr","locations":[{"start":{"line":147,"column":42},"end":{"line":147,"column":73},"skip":true},{"start":{"line":147,"column":77},"end":{"line":156,"column":9},"skip":true}]},"15":{"line":158,"type":"binary-expr","locations":[{"start":{"line":158,"column":45},"end":{"line":158,"column":79},"skip":true},{"start":{"line":158,"column":83},"end":{"line":167,"column":9},"skip":true}]},"16":{"line":169,"type":"binary-expr","locations":[{"start":{"line":169,"column":43},"end":{"line":169,"column":75},"skip":true},{"start":{"line":169,"column":79},"end":{"line":178,"column":9},"skip":true}]},"17":{"line":180,"type":"binary-expr","locations":[{"start":{"line":180,"column":41},"end":{"line":180,"column":71},"skip":true},{"start":{"line":180,"column":75},"end":{"line":189,"column":9},"skip":true}]}},"code":["/* istanbul instrument in package npmtest_pa11y */","/*jslint","    bitwise: true,","    browser: true,","    maxerr: 8,","    maxlen: 96,","    node: true,","    nomen: true,","    regexp: true,","    stupid: true","*/","(function () {","    'use strict';","    var local;","","","","    // run shared js-env code - pre-init","    (function () {","        // init local","        local = {};","        // init modeJs","        local.modeJs = (function () {","            try {","                return typeof navigator.userAgent === 'string' &&","                    typeof document.querySelector('body') === 'object' &&","                    typeof XMLHttpRequest.prototype.open === 'function' &&","                    'browser';","            } catch (errorCaughtBrowser) {","                return module.exports &&","                    typeof process.versions.node === 'string' &&","                    typeof require('http').createServer === 'function' &&","                    'node';","            }","        }());","        // init global","        local.global = local.modeJs === 'browser'","            ? window","            : global;","        switch (local.modeJs) {","        // re-init local from window.local","        case 'browser':","            local = local.global.utility2.objectSetDefault(","                local.global.utility2_rollup || local.global.local,","                local.global.utility2","            );","            break;","        // re-init local from example.js","        case 'node':","            local = (local.global.utility2_rollup || require('utility2'))","                .requireReadme();","            break;","        }","        // export local","        local.global.local = local;","    }());","","","","    // run shared js-env code - function","    (function () {","        return;","    }());","    switch (local.modeJs) {","","","","    // run browser js-env code - function","    case 'browser':","        break;","","","","    // run node js-env code - function","    case 'node':","        break;","    }","","","","    // run shared js-env code - post-init","    (function () {","        return;","    }());","    switch (local.modeJs) {","","","","    // run browser js-env code - post-init","    case 'browser':","        local.testCase_browser_nullCase = local.testCase_browser_nullCase || function (","            options,","            onError","        ) {","        /*","         * this function will test browsers's null-case handling-behavior-behavior","         */","            onError(null, options);","        };","","        // run tests","        local.nop(local.modeTest &&","            document.querySelector('#testRunButton1') &&","            document.querySelector('#testRunButton1').click());","        break;","","","","    // run node js-env code - post-init","    /* istanbul ignore next */","    case 'node':","        local.testCase_buildApidoc_default = local.testCase_buildApidoc_default || function (","            options,","            onError","        ) {","        /*","         * this function will test buildApidoc's default handling-behavior-behavior","         */","            options = { modulePathList: module.paths };","            local.buildApidoc(options, onError);","        };","","        local.testCase_buildApp_default = local.testCase_buildApp_default || function (","            options,","            onError","        ) {","        /*","         * this function will test buildApp's default handling-behavior-behavior","         */","            local.testCase_buildReadme_default(options, local.onErrorThrow);","            local.testCase_buildLib_default(options, local.onErrorThrow);","            local.testCase_buildTest_default(options, local.onErrorThrow);","            local.testCase_buildCustomOrg_default(options, local.onErrorThrow);","            options = [];","            local.buildApp(options, onError);","        };","","        local.testCase_buildCustomOrg_default = local.testCase_buildCustomOrg_default ||","            function (options, onError) {","            /*","             * this function will test buildCustomOrg's default handling-behavior","             */","                options = {};","                local.buildCustomOrg(options, onError);","            };","","        local.testCase_buildLib_default = local.testCase_buildLib_default || function (","            options,","            onError","        ) {","        /*","         * this function will test buildLib's default handling-behavior","         */","            options = {};","            local.buildLib(options, onError);","        };","","        local.testCase_buildReadme_default = local.testCase_buildReadme_default || function (","            options,","            onError","        ) {","        /*","         * this function will test buildReadme's default handling-behavior-behavior","         */","            options = {};","            local.buildReadme(options, onError);","        };","","        local.testCase_buildTest_default = local.testCase_buildTest_default || function (","            options,","            onError","        ) {","        /*","         * this function will test buildTest's default handling-behavior","         */","            options = {};","            local.buildTest(options, onError);","        };","","        local.testCase_webpage_default = local.testCase_webpage_default || function (","            options,","            onError","        ) {","        /*","         * this function will test webpage's default handling-behavior","         */","            options = { modeCoverageMerge: true, url: local.serverLocalHost + '?modeTest=1' };","            local.browserTest(options, onError);","        };","","        // run test-server","        local.testRunServer(local);","        break;","    }","}());",""],"l":{"12":2,"14":2,"19":2,"21":2,"23":2,"24":2,"25":2,"30":1,"37":2,"40":2,"43":1,"47":1,"50":1,"52":1,"55":2,"61":2,"62":2,"64":2,"70":1,"76":1,"82":2,"83":2,"85":2,"91":1,"98":1,"102":1,"105":1,"112":1,"119":1,"120":1,"123":1,"130":1,"131":1,"132":1,"133":1,"134":1,"135":1,"138":1,"143":2,"144":2,"147":1,"154":2,"155":2,"158":1,"165":2,"166":2,"169":1,"176":2,"177":2,"180":1,"187":1,"188":1,"192":1,"193":1}},"/home/travis/build/npmtest/node-npmtest-pa11y/lib.npmtest_pa11y.js":{"path":"/home/travis/build/npmtest/node-npmtest-pa11y/lib.npmtest_pa11y.js","s":{"1":2,"2":2,"3":2,"4":2,"5":2,"6":2,"7":2,"8":1,"9":2,"10":2,"11":2,"12":2,"13":1,"14":1,"15":1,"16":1},"b":{"1":[2,1,1,1],"2":[1,1,1,1],"3":[1,1],"4":[2,2],"5":[1,1]},"f":{"1":2,"2":2,"3":2},"fnMap":{"1":{"name":"(anonymous_1)","line":12,"loc":{"start":{"line":12,"column":1},"end":{"line":12,"column":13}}},"2":{"name":"(anonymous_2)","line":19,"loc":{"start":{"line":19,"column":5},"end":{"line":19,"column":17}}},"3":{"name":"(anonymous_3)","line":23,"loc":{"start":{"line":23,"column":24},"end":{"line":23,"column":36}}}},"statementMap":{"1":{"start":{"line":12,"column":0},"end":{"line":53,"column":5}},"2":{"start":{"line":14,"column":4},"end":{"line":14,"column":14}},"3":{"start":{"line":19,"column":4},"end":{"line":52,"column":9}},"4":{"start":{"line":21,"column":8},"end":{"line":21,"column":19}},"5":{"start":{"line":23,"column":8},"end":{"line":35,"column":13}},"6":{"start":{"line":24,"column":12},"end":{"line":34,"column":13}},"7":{"start":{"line":25,"column":16},"end":{"line":28,"column":30}},"8":{"start":{"line":30,"column":16},"end":{"line":33,"column":27}},"9":{"start":{"line":37,"column":8},"end":{"line":39,"column":21}},"10":{"start":{"line":41,"column":8},"end":{"line":41,"column":54}},"11":{"start":{"line":43,"column":8},"end":{"line":43,"column":50}},"12":{"start":{"line":45,"column":8},"end":{"line":51,"column":9}},"13":{"start":{"line":46,"column":12},"end":{"line":46,"column":56}},"14":{"start":{"line":48,"column":12},"end":{"line":48,"column":35}},"15":{"start":{"line":49,"column":12},"end":{"line":49,"column":49}},"16":{"start":{"line":50,"column":12},"end":{"line":50,"column":43}}},"branchMap":{"1":{"line":25,"type":"binary-expr","locations":[{"start":{"line":25,"column":23},"end":{"line":25,"column":62}},{"start":{"line":26,"column":20},"end":{"line":26,"column":70}},{"start":{"line":27,"column":20},"end":{"line":27,"column":71}},{"start":{"line":28,"column":20},"end":{"line":28,"column":29}}]},"2":{"line":30,"type":"binary-expr","locations":[{"start":{"line":30,"column":23},"end":{"line":30,"column":37}},{"start":{"line":31,"column":20},"end":{"line":31,"column":61}},{"start":{"line":32,"column":20},"end":{"line":32,"column":70}},{"start":{"line":33,"column":20},"end":{"line":33,"column":26}}]},"3":{"line":37,"type":"cond-expr","locations":[{"start":{"line":38,"column":14},"end":{"line":38,"column":20}},{"start":{"line":39,"column":14},"end":{"line":39,"column":20}}]},"4":{"line":41,"type":"binary-expr","locations":[{"start":{"line":41,"column":16},"end":{"line":41,"column":44}},{"start":{"line":41,"column":48},"end":{"line":41,"column":53}}]},"5":{"line":45,"type":"if","locations":[{"start":{"line":45,"column":8},"end":{"line":45,"column":8}},{"start":{"line":45,"column":8},"end":{"line":45,"column":8}}]}},"code":["/* istanbul instrument in package npmtest_pa11y */","/*jslint","    bitwise: true,","    browser: true,","    maxerr: 8,","    maxlen: 96,","    node: true,","    nomen: true,","    regexp: true,","    stupid: true","*/","(function () {","    'use strict';","    var local;","","","","    // run shared js-env code - pre-init","    (function () {","        // init local","        local = {};","        // init modeJs","        local.modeJs = (function () {","            try {","                return typeof navigator.userAgent === 'string' &&","                    typeof document.querySelector('body') === 'object' &&","                    typeof XMLHttpRequest.prototype.open === 'function' &&","                    'browser';","            } catch (errorCaughtBrowser) {","                return module.exports &&","                    typeof process.versions.node === 'string' &&","                    typeof require('http').createServer === 'function' &&","                    'node';","            }","        }());","        // init global","        local.global = local.modeJs === 'browser'","            ? window","            : global;","        // init utility2_rollup","        local = local.global.utility2_rollup || local;","        // init lib","        local.local = local.npmtest_pa11y = local;","        // init exports","        if (local.modeJs === 'browser') {","            local.global.utility2_npmtest_pa11y = local;","        } else {","            module.exports = local;","            module.exports.__dirname = __dirname;","            module.exports.module = module;","        }","    }());","}());",""],"l":{"12":2,"14":2,"19":2,"21":2,"23":2,"24":2,"25":2,"30":1,"37":2,"41":2,"43":2,"45":2,"46":1,"48":1,"49":1,"50":1}},"/home/travis/build/npmtest/node-npmtest-pa11y/example.js":{"path":"/home/travis/build/npmtest/node-npmtest-pa11y/example.js","s":{"1":2,"2":2,"3":2,"4":2,"5":2,"6":2,"7":2,"8":1,"9":2,"10":2,"11":2,"12":2,"13":1,"14":2,"15":2,"16":2,"17":2,"18":2,"19":0,"20":2,"21":1,"22":1,"23":1,"24":1,"25":1,"26":0,"27":0,"28":1,"29":1,"30":2,"31":0,"32":0,"33":0,"34":1,"35":2,"36":2,"37":3,"38":3,"39":3,"40":3,"41":0,"42":3,"43":3,"44":3,"45":1,"46":3,"47":1,"48":1,"49":1,"50":1,"51":1,"52":1,"53":1,"54":1,"55":1,"56":1,"57":0,"58":1,"59":6,"60":6,"61":1,"62":2,"63":0,"64":2,"65":1,"66":1,"67":0,"68":0,"69":0,"70":0,"71":0,"72":0,"73":0,"74":0,"75":0,"76":0,"77":0,"78":0,"79":0,"80":0,"81":0,"82":0,"83":0},"b":{"1":[2,1,1,1],"2":[1,1,1,1],"3":[1,1],"4":[2,2],"5":[1,1],"6":[1,1],"7":[2,0],"8":[2,1,1,1,1,1],"9":[0,2,0],"10":[1,1],"11":[2,1,1],"12":[1,0],"13":[0,2],"14":[2,0,0,0,0,0,0],"15":[0,3],"16":[3,0],"17":[1,1],"18":[0,1],"19":[1,2,0,2],"20":[1,0],"21":[1,1],"22":[0,0],"23":[0,0],"24":[0,0],"25":[0,0],"26":[0,0],"27":[0,0],"28":[0,0]},"f":{"1":2,"2":2,"3":2,"4":2,"5":2,"6":2,"7":3,"8":3,"9":3,"10":1,"11":6,"12":0},"fnMap":{"1":{"name":"(anonymous_1)","line":26,"loc":{"start":{"line":26,"column":1},"end":{"line":26,"column":13}}},"2":{"name":"(anonymous_2)","line":33,"loc":{"start":{"line":33,"column":5},"end":{"line":33,"column":17}}},"3":{"name":"(anonymous_3)","line":37,"loc":{"start":{"line":37,"column":24},"end":{"line":37,"column":36}}},"4":{"name":"(anonymous_4)","line":69,"loc":{"start":{"line":69,"column":31},"end":{"line":69,"column":48}},"skip":true},"5":{"name":"(anonymous_5)","line":78,"loc":{"start":{"line":78,"column":26},"end":{"line":78,"column":45}},"skip":true},"6":{"name":"(anonymous_6)","line":123,"loc":{"start":{"line":123,"column":33},"end":{"line":123,"column":48}},"skip":true},"7":{"name":"(anonymous_7)","line":125,"loc":{"start":{"line":125,"column":27},"end":{"line":125,"column":39}},"skip":true},"8":{"name":"(anonymous_8)","line":133,"loc":{"start":{"line":133,"column":59},"end":{"line":133,"column":74}},"skip":true},"9":{"name":"(anonymous_9)","line":143,"loc":{"start":{"line":143,"column":45},"end":{"line":143,"column":62}},"skip":true},"10":{"name":"(anonymous_10)","line":144,"loc":{"start":{"line":144,"column":73},"end":{"line":144,"column":92}},"skip":true},"11":{"name":"(anonymous_11)","line":272,"loc":{"start":{"line":272,"column":51},"end":{"line":272,"column":77}},"skip":true},"12":{"name":"(anonymous_12)","line":315,"loc":{"start":{"line":315,"column":32},"end":{"line":315,"column":61}},"skip":true}},"statementMap":{"1":{"start":{"line":26,"column":0},"end":{"line":326,"column":5}},"2":{"start":{"line":28,"column":4},"end":{"line":28,"column":14}},"3":{"start":{"line":33,"column":4},"end":{"line":60,"column":9}},"4":{"start":{"line":35,"column":8},"end":{"line":35,"column":19}},"5":{"start":{"line":37,"column":8},"end":{"line":49,"column":13}},"6":{"start":{"line":38,"column":12},"end":{"line":48,"column":13}},"7":{"start":{"line":39,"column":16},"end":{"line":42,"column":30}},"8":{"start":{"line":44,"column":16},"end":{"line":47,"column":27}},"9":{"start":{"line":51,"column":8},"end":{"line":53,"column":21}},"10":{"start":{"line":55,"column":8},"end":{"line":57,"column":45}},"11":{"start":{"line":59,"column":8},"end":{"line":59,"column":35}},"12":{"start":{"line":61,"column":4},"end":{"line":325,"column":5}},"13":{"start":{"line":69,"column":8},"end":{"line":121,"column":10},"skip":true},"14":{"start":{"line":70,"column":12},"end":{"line":88,"column":13},"skip":true},"15":{"start":{"line":76,"column":16},"end":{"line":87,"column":19},"skip":true},"16":{"start":{"line":79,"column":20},"end":{"line":86,"column":21},"skip":true},"17":{"start":{"line":82,"column":24},"end":{"line":82,"column":43},"skip":true},"18":{"start":{"line":83,"column":24},"end":{"line":83,"column":30},"skip":true},"19":{"start":{"line":85,"column":24},"end":{"line":85,"column":49},"skip":true},"20":{"start":{"line":89,"column":12},"end":{"line":107,"column":13},"skip":true},"21":{"start":{"line":92,"column":16},"end":{"line":102,"column":17},"skip":true},"22":{"start":{"line":93,"column":20},"end":{"line":93,"column":86},"skip":true},"23":{"start":{"line":94,"column":20},"end":{"line":95,"column":45},"skip":true},"24":{"start":{"line":96,"column":20},"end":{"line":96,"column":42},"skip":true},"25":{"start":{"line":97,"column":20},"end":{"line":97,"column":48},"skip":true},"26":{"start":{"line":100,"column":20},"end":{"line":100,"column":85},"skip":true},"27":{"start":{"line":101,"column":20},"end":{"line":101,"column":96},"skip":true},"28":{"start":{"line":103,"column":16},"end":{"line":103,"column":22},"skip":true},"29":{"start":{"line":106,"column":16},"end":{"line":106,"column":22},"skip":true},"30":{"start":{"line":108,"column":12},"end":{"line":120,"column":13},"skip":true},"31":{"start":{"line":114,"column":16},"end":{"line":119,"column":17},"skip":true},"32":{"start":{"line":116,"column":20},"end":{"line":116,"column":78},"skip":true},"33":{"start":{"line":118,"column":20},"end":{"line":118,"column":47},"skip":true},"34":{"start":{"line":123,"column":8},"end":{"line":141,"column":11},"skip":true},"35":{"start":{"line":124,"column":12},"end":{"line":124,"column":54},"skip":true},"36":{"start":{"line":125,"column":12},"end":{"line":140,"column":14},"skip":true},"37":{"start":{"line":126,"column":16},"end":{"line":126,"column":28},"skip":true},"38":{"start":{"line":127,"column":16},"end":{"line":127,"column":69},"skip":true},"39":{"start":{"line":128,"column":16},"end":{"line":128,"column":75},"skip":true},"40":{"start":{"line":129,"column":16},"end":{"line":131,"column":17},"skip":true},"41":{"start":{"line":130,"column":20},"end":{"line":130,"column":27},"skip":true},"42":{"start":{"line":133,"column":16},"end":{"line":137,"column":36},"skip":true},"43":{"start":{"line":134,"column":20},"end":{"line":136,"column":55},"skip":true},"44":{"start":{"line":139,"column":16},"end":{"line":139,"column":57},"skip":true},"45":{"start":{"line":143,"column":8},"end":{"line":147,"column":11},"skip":true},"46":{"start":{"line":144,"column":12},"end":{"line":146,"column":15},"skip":true},"47":{"start":{"line":145,"column":16},"end":{"line":145,"column":70},"skip":true},"48":{"start":{"line":149,"column":8},"end":{"line":149,"column":31},"skip":true},"49":{"start":{"line":150,"column":8},"end":{"line":150,"column":14},"skip":true},"50":{"start":{"line":158,"column":8},"end":{"line":158,"column":31},"skip":true},"51":{"start":{"line":160,"column":8},"end":{"line":160,"column":33},"skip":true},"52":{"start":{"line":161,"column":8},"end":{"line":161,"column":37},"skip":true},"53":{"start":{"line":162,"column":8},"end":{"line":162,"column":35},"skip":true},"54":{"start":{"line":164,"column":8},"end":{"line":164,"column":50},"skip":true},"55":{"start":{"line":166,"column":8},"end":{"line":256,"column":2},"skip":true},"56":{"start":{"line":258,"column":8},"end":{"line":286,"column":9},"skip":true},"57":{"start":{"line":259,"column":12},"end":{"line":269,"column":14},"skip":true},"58":{"start":{"line":271,"column":12},"end":{"line":285,"column":19},"skip":true},"59":{"start":{"line":274,"column":20},"end":{"line":274,"column":35},"skip":true},"60":{"start":{"line":275,"column":20},"end":{"line":284,"column":21},"skip":true},"61":{"start":{"line":277,"column":24},"end":{"line":277,"column":64},"skip":true},"62":{"start":{"line":279,"column":24},"end":{"line":279,"column":40},"skip":true},"63":{"start":{"line":281,"column":24},"end":{"line":281,"column":40},"skip":true},"64":{"start":{"line":283,"column":24},"end":{"line":283,"column":39},"skip":true},"65":{"start":{"line":288,"column":8},"end":{"line":290,"column":9},"skip":true},"66":{"start":{"line":289,"column":12},"end":{"line":289,"column":18},"skip":true},"67":{"start":{"line":291,"column":8},"end":{"line":293,"column":54},"skip":true},"68":{"start":{"line":296,"column":8},"end":{"line":301,"column":37},"skip":true},"69":{"start":{"line":303,"column":8},"end":{"line":303,"column":82},"skip":true},"70":{"start":{"line":306,"column":8},"end":{"line":308,"column":9},"skip":true},"71":{"start":{"line":307,"column":12},"end":{"line":307,"column":82},"skip":true},"72":{"start":{"line":310,"column":8},"end":{"line":312,"column":9},"skip":true},"73":{"start":{"line":311,"column":12},"end":{"line":311,"column":18},"skip":true},"74":{"start":{"line":313,"column":8},"end":{"line":313,"column":54},"skip":true},"75":{"start":{"line":314,"column":8},"end":{"line":314,"column":69},"skip":true},"76":{"start":{"line":315,"column":8},"end":{"line":323,"column":36},"skip":true},"77":{"start":{"line":316,"column":12},"end":{"line":316,"column":61},"skip":true},"78":{"start":{"line":317,"column":12},"end":{"line":320,"column":13},"skip":true},"79":{"start":{"line":318,"column":16},"end":{"line":318,"column":75},"skip":true},"80":{"start":{"line":319,"column":16},"end":{"line":319,"column":23},"skip":true},"81":{"start":{"line":321,"column":12},"end":{"line":321,"column":38},"skip":true},"82":{"start":{"line":322,"column":12},"end":{"line":322,"column":27},"skip":true},"83":{"start":{"line":324,"column":8},"end":{"line":324,"column":14},"skip":true}},"branchMap":{"1":{"line":39,"type":"binary-expr","locations":[{"start":{"line":39,"column":23},"end":{"line":39,"column":62}},{"start":{"line":40,"column":20},"end":{"line":40,"column":70}},{"start":{"line":41,"column":20},"end":{"line":41,"column":71}},{"start":{"line":42,"column":20},"end":{"line":42,"column":29}}]},"2":{"line":44,"type":"binary-expr","locations":[{"start":{"line":44,"column":23},"end":{"line":44,"column":37}},{"start":{"line":45,"column":20},"end":{"line":45,"column":61}},{"start":{"line":46,"column":20},"end":{"line":46,"column":70}},{"start":{"line":47,"column":20},"end":{"line":47,"column":26}}]},"3":{"line":51,"type":"cond-expr","locations":[{"start":{"line":52,"column":14},"end":{"line":52,"column":20}},{"start":{"line":53,"column":14},"end":{"line":53,"column":20}}]},"4":{"line":55,"type":"binary-expr","locations":[{"start":{"line":55,"column":16},"end":{"line":55,"column":44}},{"start":{"line":55,"column":49},"end":{"line":57,"column":43}}]},"5":{"line":55,"type":"cond-expr","locations":[{"start":{"line":56,"column":14},"end":{"line":56,"column":49}},{"start":{"line":57,"column":14},"end":{"line":57,"column":43}}]},"6":{"line":61,"type":"switch","locations":[{"start":{"line":68,"column":4},"end":{"line":150,"column":14},"skip":true},{"start":{"line":156,"column":4},"end":{"line":324,"column":14},"skip":true}]},"7":{"line":70,"type":"if","locations":[{"start":{"line":70,"column":12},"end":{"line":70,"column":12},"skip":true},{"start":{"line":70,"column":12},"end":{"line":70,"column":12},"skip":true}]},"8":{"line":70,"type":"binary-expr","locations":[{"start":{"line":70,"column":16},"end":{"line":70,"column":22},"skip":true},{"start":{"line":70,"column":27},"end":{"line":70,"column":32},"skip":true},{"start":{"line":71,"column":20},"end":{"line":71,"column":39},"skip":true},{"start":{"line":72,"column":20},"end":{"line":72,"column":49},"skip":true},{"start":{"line":73,"column":20},"end":{"line":73,"column":58},"skip":true},{"start":{"line":74,"column":20},"end":{"line":74,"column":69},"skip":true}]},"9":{"line":79,"type":"switch","locations":[{"start":{"line":80,"column":20},"end":{"line":80,"column":33},"skip":true},{"start":{"line":81,"column":20},"end":{"line":83,"column":30},"skip":true},{"start":{"line":84,"column":20},"end":{"line":85,"column":49},"skip":true}]},"10":{"line":89,"type":"switch","locations":[{"start":{"line":90,"column":12},"end":{"line":103,"column":22},"skip":true},{"start":{"line":105,"column":12},"end":{"line":106,"column":22},"skip":true}]},"11":{"line":89,"type":"binary-expr","locations":[{"start":{"line":89,"column":20},"end":{"line":89,"column":25},"skip":true},{"start":{"line":89,"column":29},"end":{"line":89,"column":48},"skip":true},{"start":{"line":89,"column":52},"end":{"line":89,"column":74},"skip":true}]},"12":{"line":92,"type":"if","locations":[{"start":{"line":92,"column":16},"end":{"line":92,"column":16},"skip":true},{"start":{"line":92,"column":16},"end":{"line":92,"column":16},"skip":true}]},"13":{"line":108,"type":"if","locations":[{"start":{"line":108,"column":12},"end":{"line":108,"column":12},"skip":true},{"start":{"line":108,"column":12},"end":{"line":108,"column":12},"skip":true}]},"14":{"line":108,"type":"binary-expr","locations":[{"start":{"line":108,"column":16},"end":{"line":108,"column":61},"skip":true},{"start":{"line":108,"column":66},"end":{"line":108,"column":72},"skip":true},{"start":{"line":108,"column":77},"end":{"line":108,"column":82},"skip":true},{"start":{"line":109,"column":20},"end":{"line":109,"column":39},"skip":true},{"start":{"line":110,"column":20},"end":{"line":110,"column":49},"skip":true},{"start":{"line":111,"column":20},"end":{"line":111,"column":58},"skip":true},{"start":{"line":112,"column":20},"end":{"line":112,"column":68},"skip":true}]},"15":{"line":129,"type":"if","locations":[{"start":{"line":129,"column":16},"end":{"line":129,"column":16},"skip":true},{"start":{"line":129,"column":16},"end":{"line":129,"column":16},"skip":true}]},"16":{"line":134,"type":"cond-expr","locations":[{"start":{"line":135,"column":26},"end":{"line":135,"column":29},"skip":true},{"start":{"line":136,"column":26},"end":{"line":136,"column":54},"skip":true}]},"17":{"line":164,"type":"binary-expr","locations":[{"start":{"line":164,"column":27},"end":{"line":164,"column":43},"skip":true},{"start":{"line":164,"column":47},"end":{"line":164,"column":49},"skip":true}]},"18":{"line":258,"type":"if","locations":[{"start":{"line":258,"column":8},"end":{"line":258,"column":8},"skip":true},{"start":{"line":258,"column":8},"end":{"line":258,"column":8},"skip":true}]},"19":{"line":275,"type":"switch","locations":[{"start":{"line":276,"column":20},"end":{"line":277,"column":64},"skip":true},{"start":{"line":278,"column":20},"end":{"line":279,"column":40},"skip":true},{"start":{"line":280,"column":20},"end":{"line":281,"column":40},"skip":true},{"start":{"line":282,"column":20},"end":{"line":283,"column":39},"skip":true}]},"20":{"line":288,"type":"if","locations":[{"start":{"line":288,"column":8},"end":{"line":288,"column":8},"skip":true},{"start":{"line":288,"column":8},"end":{"line":288,"column":8},"skip":true}]},"21":{"line":288,"type":"binary-expr","locations":[{"start":{"line":288,"column":12},"end":{"line":288,"column":40},"skip":true},{"start":{"line":288,"column":44},"end":{"line":288,"column":67},"skip":true}]},"22":{"line":292,"type":"binary-expr","locations":[{"start":{"line":292,"column":12},"end":{"line":292,"column":50},"skip":true},{"start":{"line":293,"column":12},"end":{"line":293,"column":53},"skip":true}]},"23":{"line":297,"type":"binary-expr","locations":[{"start":{"line":297,"column":12},"end":{"line":297,"column":63},"skip":true},{"start":{"line":298,"column":12},"end":{"line":301,"column":36},"skip":true}]},"24":{"line":303,"type":"binary-expr","locations":[{"start":{"line":303,"column":43},"end":{"line":303,"column":75},"skip":true},{"start":{"line":303,"column":79},"end":{"line":303,"column":81},"skip":true}]},"25":{"line":306,"type":"if","locations":[{"start":{"line":306,"column":8},"end":{"line":306,"column":8},"skip":true},{"start":{"line":306,"column":8},"end":{"line":306,"column":8},"skip":true}]},"26":{"line":310,"type":"if","locations":[{"start":{"line":310,"column":8},"end":{"line":310,"column":8},"skip":true},{"start":{"line":310,"column":8},"end":{"line":310,"column":8},"skip":true}]},"27":{"line":313,"type":"binary-expr","locations":[{"start":{"line":313,"column":27},"end":{"line":313,"column":43},"skip":true},{"start":{"line":313,"column":47},"end":{"line":313,"column":53},"skip":true}]},"28":{"line":317,"type":"if","locations":[{"start":{"line":317,"column":12},"end":{"line":317,"column":12},"skip":true},{"start":{"line":317,"column":12},"end":{"line":317,"column":12},"skip":true}]}},"code":["/*","example.js","","quickstart example","","instruction","    1. save this script as example.js","    2. run the shell command:","        $ npm install npmtest-pa11y && PORT=8081 node example.js","    3. play with the browser-demo on http://127.0.0.1:8081","*/","","","","/* istanbul instrument in package npmtest_pa11y */","/*jslint","    bitwise: true,","    browser: true,","    maxerr: 8,","    maxlen: 96,","    node: true,","    nomen: true,","    regexp: true,","    stupid: true","*/","(function () {","    'use strict';","    var local;","","","","    // run shared js-env code - pre-init","    (function () {","        // init local","        local = {};","        // init modeJs","        local.modeJs = (function () {","            try {","                return typeof navigator.userAgent === 'string' &&","                    typeof document.querySelector('body') === 'object' &&","                    typeof XMLHttpRequest.prototype.open === 'function' &&","                    'browser';","            } catch (errorCaughtBrowser) {","                return module.exports &&","                    typeof process.versions.node === 'string' &&","                    typeof require('http').createServer === 'function' &&","                    'node';","            }","        }());","        // init global","        local.global = local.modeJs === 'browser'","            ? window","            : global;","        // init utility2_rollup","        local = local.global.utility2_rollup || (local.modeJs === 'browser'","            ? local.global.utility2_npmtest_pa11y","            : global.utility2_moduleExports);","        // export local","        local.global.local = local;","    }());","    switch (local.modeJs) {","","","","    // post-init","    // run browser js-env code - post-init","    /* istanbul ignore next */","    case 'browser':","        local.testRunBrowser = function (event) {","            if (!event || (event &&","                    event.currentTarget &&","                    event.currentTarget.className &&","                    event.currentTarget.className.includes &&","                    event.currentTarget.className.includes('onreset'))) {","                // reset output","                Array.from(","                    document.querySelectorAll('body > .resettable')","                ).forEach(function (element) {","                    switch (element.tagName) {","                    case 'INPUT':","                    case 'TEXTAREA':","                        element.value = '';","                        break;","                    default:","                        element.textContent = '';","                    }","                });","            }","            switch (event && event.currentTarget && event.currentTarget.id) {","            case 'testRunButton1':","                // show tests","                if (document.querySelector('#testReportDiv1').style.display === 'none') {","                    document.querySelector('#testReportDiv1').style.display = 'block';","                    document.querySelector('#testRunButton1').textContent =","                        'hide internal test';","                    local.modeTest = true;","                    local.testRunDefault(local);","                // hide tests","                } else {","                    document.querySelector('#testReportDiv1').style.display = 'none';","                    document.querySelector('#testRunButton1').textContent = 'run internal test';","                }","                break;","            // custom-case","            default:","                break;","            }","            if (document.querySelector('#inputTextareaEval1') && (!event || (event &&","                    event.currentTarget &&","                    event.currentTarget.className &&","                    event.currentTarget.className.includes &&","                    event.currentTarget.className.includes('oneval')))) {","                // try to eval input-code","                try {","                    /*jslint evil: true*/","                    eval(document.querySelector('#inputTextareaEval1').value);","                } catch (errorCaught) {","                    console.error(errorCaught);","                }","            }","        };","        // log stderr and stdout to #outputTextareaStdout1","        ['error', 'log'].forEach(function (key) {","            console[key + '_original'] = console[key];","            console[key] = function () {","                var element;","                console[key + '_original'].apply(console, arguments);","                element = document.querySelector('#outputTextareaStdout1');","                if (!element) {","                    return;","                }","                // append text to #outputTextareaStdout1","                element.value += Array.from(arguments).map(function (arg) {","                    return typeof arg === 'string'","                        ? arg","                        : JSON.stringify(arg, null, 4);","                }).join(' ') + '\\n';","                // scroll textarea to bottom","                element.scrollTop = element.scrollHeight;","            };","        });","        // init event-handling","        ['change', 'click', 'keyup'].forEach(function (event) {","            Array.from(document.querySelectorAll('.on' + event)).forEach(function (element) {","                element.addEventListener(event, local.testRunBrowser);","            });","        });","        // run tests","        local.testRunBrowser();","        break;","","","","    // run node js-env code - post-init","    /* istanbul ignore next */","    case 'node':","        // export local","        module.exports = local;","        // require modules","        local.fs = require('fs');","        local.http = require('http');","        local.url = require('url');","        // init assets","        local.assetsDict = local.assetsDict || {};","        /* jslint-ignore-begin */","        local.assetsDict['/assets.index.template.html'] = '\\","<!doctype html>\\n\\","<html lang=\"en\">\\n\\","<head>\\n\\","<meta charset=\"UTF-8\">\\n\\","<meta name=\"viewport\" content=\"width=device-width, initial-scale=1\">\\n\\","<title>{{env.npm_package_name}} (v{{env.npm_package_version}})</title>\\n\\","<style>\\n\\","/*csslint\\n\\","    box-sizing: false,\\n\\","    universal-selector: false\\n\\","*/\\n\\","* {\\n\\","    box-sizing: border-box;\\n\\","}\\n\\","body {\\n\\","    background: #dde;\\n\\","    font-family: Arial, Helvetica, sans-serif;\\n\\","    margin: 2rem;\\n\\","}\\n\\","body > * {\\n\\","    margin-bottom: 1rem;\\n\\","}\\n\\",".utility2FooterDiv {\\n\\","    margin-top: 20px;\\n\\","    text-align: center;\\n\\","}\\n\\","</style>\\n\\","<style>\\n\\","/*csslint\\n\\","*/\\n\\","textarea {\\n\\","    font-family: monospace;\\n\\","    height: 10rem;\\n\\","    width: 100%;\\n\\","}\\n\\","textarea[readonly] {\\n\\","    background: #ddd;\\n\\","}\\n\\","</style>\\n\\","</head>\\n\\","<body>\\n\\","<!-- utility2-comment\\n\\","<div id=\"ajaxProgressDiv1\" style=\"background: #d00; height: 2px; left: 0; margin: 0; padding: 0; position: fixed; top: 0; transition: background 0.5s, width 1.5s; width: 25%;\"></div>\\n\\","utility2-comment -->\\n\\","<h1>\\n\\","<!-- utility2-comment\\n\\","    <a\\n\\","        {{#if env.npm_package_homepage}}\\n\\","        href=\"{{env.npm_package_homepage}}\"\\n\\","        {{/if env.npm_package_homepage}}\\n\\","        target=\"_blank\"\\n\\","    >\\n\\","utility2-comment -->\\n\\","        {{env.npm_package_name}} (v{{env.npm_package_version}})\\n\\","<!-- utility2-comment\\n\\","    </a>\\n\\","utility2-comment -->\\n\\","</h1>\\n\\","<h3>{{env.npm_package_description}}</h3>\\n\\","<!-- utility2-comment\\n\\","<h4><a download href=\"assets.app.js\">download standalone app</a></h4>\\n\\","<button class=\"onclick onreset\" id=\"testRunButton1\">run internal test</button><br>\\n\\","<div id=\"testReportDiv1\" style=\"display: none;\"></div>\\n\\","utility2-comment -->\\n\\","\\n\\","\\n\\","\\n\\","<label>stderr and stdout</label>\\n\\","<textarea class=\"resettable\" id=\"outputTextareaStdout1\" readonly></textarea>\\n\\","<!-- utility2-comment\\n\\","{{#if isRollup}}\\n\\","<script src=\"assets.app.js\"></script>\\n\\","{{#unless isRollup}}\\n\\","utility2-comment -->\\n\\","<script src=\"assets.utility2.rollup.js\"></script>\\n\\","<script src=\"jsonp.utility2._stateInit?callback=window.utility2._stateInit\"></script>\\n\\","<script src=\"assets.npmtest_pa11y.rollup.js\"></script>\\n\\","<script src=\"assets.example.js\"></script>\\n\\","<script src=\"assets.test.js\"></script>\\n\\","<!-- utility2-comment\\n\\","{{/if isRollup}}\\n\\","utility2-comment -->\\n\\","<div class=\"utility2FooterDiv\">\\n\\","    [ this app was created with\\n\\","    <a href=\"https://github.com/kaizhu256/node-utility2\" target=\"_blank\">utility2</a>\\n\\","    ]\\n\\","</div>\\n\\","</body>\\n\\","</html>\\n\\","';","        /* jslint-ignore-end */","        if (local.templateRender) {","            local.assetsDict['/'] = local.templateRender(","                local.assetsDict['/assets.index.template.html'],","                {","                    env: local.objectSetDefault(local.env, {","                        npm_package_description: 'the greatest app in the world!',","                        npm_package_name: 'my-app',","                        npm_package_nameAlias: 'my_app',","                        npm_package_version: '0.0.1'","                    })","                }","            );","        } else {","            local.assetsDict['/'] = local.assetsDict['/assets.index.template.html']","                .replace((/\\{\\{env\\.(\\w+?)\\}\\}/g), function (match0, match1) {","                    // jslint-hack","                    String(match0);","                    switch (match1) {","                    case 'npm_package_description':","                        return 'the greatest app in the world!';","                    case 'npm_package_name':","                        return 'my-app';","                    case 'npm_package_nameAlias':","                        return 'my_app';","                    case 'npm_package_version':","                        return '0.0.1';","                    }","                });","        }","        // run the cli","        if (local.global.utility2_rollup || module !== require.main) {","            break;","        }","        local.assetsDict['/assets.example.js'] =","            local.assetsDict['/assets.example.js'] ||","            local.fs.readFileSync(__filename, 'utf8');","        // bug-workaround - long $npm_package_buildCustomOrg","        /* jslint-ignore-begin */","        local.assetsDict['/assets.npmtest_pa11y.rollup.js'] =","            local.assetsDict['/assets.npmtest_pa11y.rollup.js'] ||","            local.fs.readFileSync(","                local.npmtest_pa11y.__dirname + '/lib.npmtest_pa11y.js',","                'utf8'","            ).replace((/^#!/), '//');","        /* jslint-ignore-end */","        local.assetsDict['/favicon.ico'] = local.assetsDict['/favicon.ico'] || '';","        // if $npm_config_timeout_exit exists,","        // then exit this process after $npm_config_timeout_exit ms","        if (Number(process.env.npm_config_timeout_exit)) {","            setTimeout(process.exit, Number(process.env.npm_config_timeout_exit));","        }","        // start server","        if (local.global.utility2_serverHttp1) {","            break;","        }","        process.env.PORT = process.env.PORT || '8081';","        console.error('server starting on port ' + process.env.PORT);","        local.http.createServer(function (request, response) {","            request.urlParsed = local.url.parse(request.url);","            if (local.assetsDict[request.urlParsed.pathname] !== undefined) {","                response.end(local.assetsDict[request.urlParsed.pathname]);","                return;","            }","            response.statusCode = 404;","            response.end();","        }).listen(process.env.PORT);","        break;","    }","}());",""],"l":{"26":2,"28":2,"33":2,"35":2,"37":2,"38":2,"39":2,"44":1,"51":2,"55":2,"59":2,"61":2,"69":1,"70":2,"76":2,"79":2,"82":2,"83":2,"85":1,"89":2,"92":1,"93":1,"94":1,"96":1,"97":1,"100":1,"101":1,"103":1,"106":1,"108":2,"114":1,"116":1,"118":1,"123":1,"124":2,"125":2,"126":3,"127":3,"128":3,"129":3,"130":1,"133":3,"134":3,"139":3,"143":1,"144":3,"145":1,"149":1,"150":1,"158":1,"160":1,"161":1,"162":1,"164":1,"166":1,"258":1,"259":1,"271":1,"274":6,"275":6,"277":1,"279":2,"281":1,"283":2,"288":1,"289":1,"291":1,"296":1,"303":1,"306":1,"307":1,"310":1,"311":1,"313":1,"314":1,"315":1,"316":1,"317":1,"318":1,"319":1,"321":1,"322":1,"324":1}},"/home/travis/build/npmtest/node-npmtest-pa11y/node_modules/pa11y/lib/pa11y.js":{"path":"/home/travis/build/npmtest/node-npmtest-pa11y/node_modules/pa11y/lib/pa11y.js","s":{"1":1,"2":1,"3":1,"4":1,"5":1,"6":1,"7":1,"8":1,"9":1,"10":1,"11":1,"12":1,"13":1,"14":1,"15":1,"16":1,"17":0,"18":1,"19":1,"20":1,"21":1,"22":1,"23":1,"24":0,"25":0,"26":0,"27":0,"28":0,"29":0,"30":0,"31":0,"32":0,"33":0,"34":0,"35":0,"36":0,"37":0,"38":0,"39":0,"40":0,"41":0,"42":0,"43":0,"44":0,"45":0,"46":0,"47":0,"48":0,"49":0,"50":0,"51":0,"52":0,"53":0,"54":0,"55":0,"56":0,"57":0,"58":0,"59":0,"60":0,"61":0,"62":0,"63":0,"64":0,"65":0,"66":0,"67":0,"68":0,"69":0,"70":0,"71":0,"72":0,"73":0,"74":0,"75":0,"76":0,"77":0,"78":0,"79":0,"80":0,"81":0,"82":0,"83":0,"84":0,"85":0},"b":{"1":[0,1],"2":[0,0],"3":[0,0],"4":[0,0],"5":[0,0],"6":[0,0],"7":[0,0],"8":[0,0],"9":[0,0],"10":[0,0],"11":[0,0],"12":[0,0],"13":[0,0],"14":[0,0],"15":[0,0],"16":[0,0],"17":[0,0],"18":[0,0],"19":[0,0],"20":[0,0],"21":[0,0]},"f":{"1":0,"2":0,"3":0,"4":0,"5":0,"6":0,"7":1,"8":1,"9":0,"10":0,"11":0,"12":0,"13":0,"14":0,"15":0,"16":0,"17":0,"18":0,"19":0,"20":0,"21":0,"22":0,"23":0},"fnMap":{"1":{"name":"(anonymous_1)","line":23,"loc":{"start":{"line":23,"column":36},"end":{"line":23,"column":47}},"skip":true},"2":{"name":"(anonymous_2)","line":24,"loc":{"start":{"line":24,"column":36},"end":{"line":24,"column":47}},"skip":true},"3":{"name":"(anonymous_3)","line":25,"loc":{"start":{"line":25,"column":36},"end":{"line":25,"column":47}},"skip":true},"4":{"name":"(anonymous_4)","line":26,"loc":{"start":{"line":26,"column":35},"end":{"line":26,"column":46}},"skip":true},"5":{"name":"(anonymous_5)","line":27,"loc":{"start":{"line":27,"column":38},"end":{"line":27,"column":49}},"skip":true},"6":{"name":"(anonymous_6)","line":35,"loc":{"start":{"line":35,"column":39},"end":{"line":35,"column":50}},"skip":true},"7":{"name":"pa11y","line":50,"loc":{"start":{"line":50,"column":0},"end":{"line":50,"column":24}}},"8":{"name":"defaultOptions","line":58,"loc":{"start":{"line":58,"column":0},"end":{"line":58,"column":33}}},"9":{"name":"testPage","line":64,"loc":{"start":{"line":64,"column":0},"end":{"line":64,"column":48}}},"10":{"name":"(anonymous_10)","line":66,"loc":{"start":{"line":66,"column":24},"end":{"line":66,"column":41}}},"11":{"name":"(anonymous_11)","line":78,"loc":{"start":{"line":78,"column":45},"end":{"line":78,"column":61}}},"12":{"name":"(anonymous_12)","line":92,"loc":{"start":{"line":92,"column":2},"end":{"line":92,"column":17}}},"13":{"name":"(anonymous_13)","line":104,"loc":{"start":{"line":104,"column":2},"end":{"line":104,"column":17}}},"14":{"name":"(anonymous_14)","line":109,"loc":{"start":{"line":109,"column":37},"end":{"line":109,"column":60}}},"15":{"name":"(anonymous_15)","line":112,"loc":{"start":{"line":112,"column":25},"end":{"line":112,"column":41}}},"16":{"name":"(anonymous_16)","line":121,"loc":{"start":{"line":121,"column":2},"end":{"line":121,"column":17}}},"17":{"name":"(anonymous_17)","line":125,"loc":{"start":{"line":125,"column":35},"end":{"line":125,"column":61}}},"18":{"name":"(anonymous_18)","line":136,"loc":{"start":{"line":136,"column":34},"end":{"line":136,"column":60}}},"19":{"name":"(anonymous_19)","line":149,"loc":{"start":{"line":149,"column":2},"end":{"line":149,"column":17}}},"20":{"name":"(anonymous_20)","line":151,"loc":{"start":{"line":151,"column":53},"end":{"line":151,"column":79}}},"21":{"name":"(anonymous_21)","line":164,"loc":{"start":{"line":164,"column":2},"end":{"line":164,"column":17}}},"22":{"name":"(anonymous_22)","line":169,"loc":{"start":{"line":169,"column":17},"end":{"line":169,"column":35}}},"23":{"name":"(anonymous_23)","line":188,"loc":{"start":{"line":188,"column":4},"end":{"line":188,"column":28}}}},"statementMap":{"1":{"start":{"line":3,"column":0},"end":{"line":3,"column":38}},"2":{"start":{"line":4,"column":0},"end":{"line":4,"column":27}},"3":{"start":{"line":5,"column":0},"end":{"line":5,"column":29}},"4":{"start":{"line":6,"column":0},"end":{"line":6,"column":36}},"5":{"start":{"line":7,"column":0},"end":{"line":7,"column":38}},"6":{"start":{"line":8,"column":0},"end":{"line":8,"column":37}},"7":{"start":{"line":9,"column":0},"end":{"line":9,"column":27}},"8":{"start":{"line":10,"column":0},"end":{"line":10,"column":35}},"9":{"start":{"line":11,"column":0},"end":{"line":11,"column":51}},"10":{"start":{"line":12,"column":0},"end":{"line":12,"column":55}},"11":{"start":{"line":14,"column":0},"end":{"line":14,"column":23}},"12":{"start":{"line":15,"column":0},"end":{"line":15,"column":58}},"13":{"start":{"line":16,"column":0},"end":{"line":48,"column":2}},"14":{"start":{"line":50,"column":0},"end":{"line":56,"column":1}},"15":{"start":{"line":51,"column":1},"end":{"line":51,"column":35}},"16":{"start":{"line":52,"column":1},"end":{"line":54,"column":2}},"17":{"start":{"line":53,"column":2},"end":{"line":53,"column":84}},"18":{"start":{"line":55,"column":1},"end":{"line":55,"column":36}},"19":{"start":{"line":58,"column":0},"end":{"line":62,"column":1}},"20":{"start":{"line":59,"column":1},"end":{"line":59,"column":62}},"21":{"start":{"line":60,"column":1},"end":{"line":60,"column":48}},"22":{"start":{"line":61,"column":1},"end":{"line":61,"column":16}},"23":{"start":{"line":64,"column":0},"end":{"line":197,"column":1}},"24":{"start":{"line":66,"column":1},"end":{"line":87,"column":4}},"25":{"start":{"line":67,"column":2},"end":{"line":69,"column":3}},"26":{"start":{"line":68,"column":3},"end":{"line":68,"column":23}},"27":{"start":{"line":70,"column":2},"end":{"line":72,"column":3}},"28":{"start":{"line":71,"column":3},"end":{"line":71,"column":40}},"29":{"start":{"line":73,"column":2},"end":{"line":73,"column":70}},"30":{"start":{"line":76,"column":2},"end":{"line":84,"column":3}},"31":{"start":{"line":77,"column":3},"end":{"line":77,"column":83}},"32":{"start":{"line":78,"column":3},"end":{"line":83,"column":6}},"33":{"start":{"line":79,"column":4},"end":{"line":81,"column":5}},"34":{"start":{"line":80,"column":5},"end":{"line":80,"column":67}},"35":{"start":{"line":82,"column":4},"end":{"line":82,"column":32}},"36":{"start":{"line":86,"column":2},"end":{"line":86,"column":30}},"37":{"start":{"line":89,"column":1},"end":{"line":196,"column":4}},"38":{"start":{"line":93,"column":3},"end":{"line":98,"column":4}},"39":{"start":{"line":94,"column":4},"end":{"line":94,"column":18}},"40":{"start":{"line":95,"column":10},"end":{"line":98,"column":4}},"41":{"start":{"line":96,"column":4},"end":{"line":96,"column":103}},"42":{"start":{"line":97,"column":4},"end":{"line":97,"column":18}},"43":{"start":{"line":99,"column":3},"end":{"line":99,"column":45}},"44":{"start":{"line":100,"column":3},"end":{"line":100,"column":45}},"45":{"start":{"line":105,"column":3},"end":{"line":107,"column":4}},"46":{"start":{"line":106,"column":4},"end":{"line":106,"column":18}},"47":{"start":{"line":108,"column":3},"end":{"line":108,"column":39}},"48":{"start":{"line":109,"column":3},"end":{"line":111,"column":6}},"49":{"start":{"line":110,"column":4},"end":{"line":110,"column":61}},"50":{"start":{"line":112,"column":3},"end":{"line":117,"column":6}},"51":{"start":{"line":113,"column":4},"end":{"line":115,"column":5}},"52":{"start":{"line":114,"column":5},"end":{"line":114,"column":50}},"53":{"start":{"line":116,"column":4},"end":{"line":116,"column":16}},"54":{"start":{"line":122,"column":3},"end":{"line":122,"column":51}},"55":{"start":{"line":123,"column":3},"end":{"line":145,"column":4}},"56":{"start":{"line":125,"column":4},"end":{"line":133,"column":7}},"57":{"start":{"line":126,"column":5},"end":{"line":128,"column":6}},"58":{"start":{"line":127,"column":6},"end":{"line":127,"column":25}},"59":{"start":{"line":129,"column":5},"end":{"line":131,"column":6}},"60":{"start":{"line":130,"column":6},"end":{"line":130,"column":80}},"61":{"start":{"line":132,"column":5},"end":{"line":132,"column":12}},"62":{"start":{"line":136,"column":4},"end":{"line":144,"column":7}},"63":{"start":{"line":137,"column":5},"end":{"line":139,"column":6}},"64":{"start":{"line":138,"column":6},"end":{"line":138,"column":25}},"65":{"start":{"line":140,"column":5},"end":{"line":142,"column":6}},"66":{"start":{"line":141,"column":6},"end":{"line":141,"column":81}},"67":{"start":{"line":143,"column":5},"end":{"line":143,"column":12}},"68":{"start":{"line":150,"column":3},"end":{"line":150,"column":40}},"69":{"start":{"line":151,"column":3},"end":{"line":160,"column":6}},"70":{"start":{"line":152,"column":4},"end":{"line":154,"column":5}},"71":{"start":{"line":153,"column":5},"end":{"line":153,"column":24}},"72":{"start":{"line":155,"column":4},"end":{"line":157,"column":5}},"73":{"start":{"line":156,"column":5},"end":{"line":156,"column":80}},"74":{"start":{"line":159,"column":4},"end":{"line":159,"column":11}},"75":{"start":{"line":165,"column":3},"end":{"line":165,"column":50}},"76":{"start":{"line":166,"column":3},"end":{"line":168,"column":4}},"77":{"start":{"line":167,"column":4},"end":{"line":167,"column":60}},"78":{"start":{"line":169,"column":3},"end":{"line":185,"column":12}},"79":{"start":{"line":171,"column":4},"end":{"line":175,"column":5}},"80":{"start":{"line":172,"column":5},"end":{"line":174,"column":7}},"81":{"start":{"line":176,"column":4},"end":{"line":176,"column":53}},"82":{"start":{"line":190,"column":2},"end":{"line":192,"column":3}},"83":{"start":{"line":191,"column":3},"end":{"line":191,"column":26}},"84":{"start":{"line":193,"column":2},"end":{"line":195,"column":3}},"85":{"start":{"line":194,"column":3},"end":{"line":194,"column":27}}},"branchMap":{"1":{"line":52,"type":"if","locations":[{"start":{"line":52,"column":1},"end":{"line":52,"column":1}},{"start":{"line":52,"column":1},"end":{"line":52,"column":1}}]},"2":{"line":67,"type":"if","locations":[{"start":{"line":67,"column":2},"end":{"line":67,"column":2}},{"start":{"line":67,"column":2},"end":{"line":67,"column":2}}]},"3":{"line":70,"type":"if","locations":[{"start":{"line":70,"column":2},"end":{"line":70,"column":2}},{"start":{"line":70,"column":2},"end":{"line":70,"column":2}}]},"4":{"line":76,"type":"if","locations":[{"start":{"line":76,"column":2},"end":{"line":76,"column":2}},{"start":{"line":76,"column":2},"end":{"line":76,"column":2}}]},"5":{"line":79,"type":"if","locations":[{"start":{"line":79,"column":4},"end":{"line":79,"column":4}},{"start":{"line":79,"column":4},"end":{"line":79,"column":4}}]},"6":{"line":93,"type":"if","locations":[{"start":{"line":93,"column":3},"end":{"line":93,"column":3}},{"start":{"line":93,"column":3},"end":{"line":93,"column":3}}]},"7":{"line":95,"type":"if","locations":[{"start":{"line":95,"column":10},"end":{"line":95,"column":10}},{"start":{"line":95,"column":10},"end":{"line":95,"column":10}}]},"8":{"line":105,"type":"if","locations":[{"start":{"line":105,"column":3},"end":{"line":105,"column":3}},{"start":{"line":105,"column":3},"end":{"line":105,"column":3}}]},"9":{"line":113,"type":"if","locations":[{"start":{"line":113,"column":4},"end":{"line":113,"column":4}},{"start":{"line":113,"column":4},"end":{"line":113,"column":4}}]},"10":{"line":123,"type":"if","locations":[{"start":{"line":123,"column":3},"end":{"line":123,"column":3}},{"start":{"line":123,"column":3},"end":{"line":123,"column":3}}]},"11":{"line":126,"type":"if","locations":[{"start":{"line":126,"column":5},"end":{"line":126,"column":5}},{"start":{"line":126,"column":5},"end":{"line":126,"column":5}}]},"12":{"line":129,"type":"if","locations":[{"start":{"line":129,"column":5},"end":{"line":129,"column":5}},{"start":{"line":129,"column":5},"end":{"line":129,"column":5}}]},"13":{"line":137,"type":"if","locations":[{"start":{"line":137,"column":5},"end":{"line":137,"column":5}},{"start":{"line":137,"column":5},"end":{"line":137,"column":5}}]},"14":{"line":140,"type":"if","locations":[{"start":{"line":140,"column":5},"end":{"line":140,"column":5}},{"start":{"line":140,"column":5},"end":{"line":140,"column":5}}]},"15":{"line":152,"type":"if","locations":[{"start":{"line":152,"column":4},"end":{"line":152,"column":4}},{"start":{"line":152,"column":4},"end":{"line":152,"column":4}}]},"16":{"line":155,"type":"if","locations":[{"start":{"line":155,"column":4},"end":{"line":155,"column":4}},{"start":{"line":155,"column":4},"end":{"line":155,"column":4}}]},"17":{"line":166,"type":"if","locations":[{"start":{"line":166,"column":3},"end":{"line":166,"column":3}},{"start":{"line":166,"column":3},"end":{"line":166,"column":3}}]},"18":{"line":171,"type":"if","locations":[{"start":{"line":171,"column":4},"end":{"line":171,"column":4}},{"start":{"line":171,"column":4},"end":{"line":171,"column":4}}]},"19":{"line":190,"type":"if","locations":[{"start":{"line":190,"column":2},"end":{"line":190,"column":2}},{"start":{"line":190,"column":2},"end":{"line":190,"column":2}}]},"20":{"line":193,"type":"if","locations":[{"start":{"line":193,"column":2},"end":{"line":193,"column":2}},{"start":{"line":193,"column":2},"end":{"line":193,"column":2}}]},"21":{"line":193,"type":"binary-expr","locations":[{"start":{"line":193,"column":6},"end":{"line":193,"column":12}},{"start":{"line":193,"column":16},"end":{"line":193,"column":28}}]}},"code":["'use strict';","","var buildAction = require('./action');","var once = require('once');","var async = require('async');","var extend = require('node.extend');","var lowercase = require('lower-case');","var pkg = require('../package.json');","var path = require('path');","var truffler = require('truffler');","var trufflerPkg = require('truffler/package.json');","var phantomjsPath = require('phantomjs-prebuilt').path;","","module.exports = pa11y;","module.exports.validateAction = buildAction.isValidAction;","module.exports.defaults = {","\tactions: [],","\tbeforeScript: null,","\thideElements: null,","\thtmlcs: path.join(__dirname, '/vendor/HTMLCS.js'),","\tignore: [],","\tlog: {","\t\tbegin: /* istanbul ignore next */ function() {},","\t\tdebug: /* istanbul ignore next */ function() {},","\t\terror: /* istanbul ignore next */ function() {},","\t\tinfo: /* istanbul ignore next */ function() {},","\t\tresults: /* istanbul ignore next */ function() {}","\t},","\tpage: {","\t\tsettings: {","\t\t\tuserAgent: 'pa11y/' + pkg.version + ' (truffler/' + trufflerPkg.version + ')'","\t\t}","\t},","\tphantom: {","\t\tonStdout: /* istanbul ignore next */ function() {},","\t\tparameters: {","\t\t\t'ignore-ssl-errors': 'true'","\t\t},","\t\tpath: phantomjsPath","\t},","\trootElement: null,","\trules: [],","\tscreenCapture: null,","\tstandard: 'WCAG2AA',","\tallowedStandards: ['Section508', 'WCAG2A', 'WCAG2AA', 'WCAG2AAA'],","\twait: 0,","\tverifyPage: null","};","","function pa11y(options) {","\toptions = defaultOptions(options);","\tif (options.allowedStandards.indexOf(options.standard) === -1) {","\t\tthrow new Error('Standard must be one of ' + options.allowedStandards.join(', '));","\t}","\treturn truffler(options, testPage);","}","","function defaultOptions(options) {","\toptions = extend(true, {}, module.exports.defaults, options);","\toptions.ignore = options.ignore.map(lowercase);","\treturn options;","}","","function testPage(browser, page, options, done) {","","\tpage.onCallback = once(function(result) {","\t\tif (result instanceof Error) {","\t\t\treturn done(result);","\t\t}","\t\tif (result.error) {","\t\t\treturn done(new Error(result.error));","\t\t}","\t\toptions.log.debug('Document title: \"' + result.documentTitle + '\"');","","\t\t// Generate a screen capture","\t\tif (options.screenCapture) {","\t\t\toptions.log.info('Capturing screen, saving to \"' + options.screenCapture + '\"');","\t\t\treturn page.render(options.screenCapture, function(error) {","\t\t\t\tif (error) {","\t\t\t\t\toptions.log.error('Error capturing screen: ' + error.message);","\t\t\t\t}","\t\t\t\tdone(null, result.messages);","\t\t\t});","\t\t}","","\t\tdone(null, result.messages);","\t});","","\tasync.waterfall([","","\t\t// Run beforeScript function","\t\tfunction(next) {","\t\t\tif (typeof options.beforeScript !== 'function') {","\t\t\t\treturn next();","\t\t\t} else if (options.actions.length) {","\t\t\t\toptions.log.info('beforeScript cannot be used in combination with actions, ignoring beforeScript');","\t\t\t\treturn next();","\t\t\t}","\t\t\toptions.log.debug('Running beforeScript');","\t\t\toptions.beforeScript(page, options, next);","\t\t},","","\t\t// Run actions","\t\tfunction(next) {","\t\t\tif (!options.actions.length) {","\t\t\t\treturn next();","\t\t\t}","\t\t\toptions.log.info('Running actions');","\t\t\tvar actions = options.actions.map(function(actionString) {","\t\t\t\treturn buildAction(browser, page, options, actionString);","\t\t\t});","\t\t\tasync.series(actions, function(error) {","\t\t\t\tif (!error) {","\t\t\t\t\toptions.log.info('Finished running actions');","\t\t\t\t}","\t\t\t\tnext(error);","\t\t\t});","\t\t},","","\t\t// Inject HTML CodeSniffer","\t\tfunction(next) {","\t\t\toptions.log.debug('Injecting HTML CodeSniffer');","\t\t\tif (/^(https?|file):\\/\\//.test(options.htmlcs)) {","\t\t\t\t// Include remote URL","\t\t\t\tpage.includeJs(options.htmlcs, function(error, included) {","\t\t\t\t\tif (error) {","\t\t\t\t\t\treturn next(error);","\t\t\t\t\t}","\t\t\t\t\tif (!included) {","\t\t\t\t\t\treturn next(new Error('Pa11y was unable to include scripts in the page'));","\t\t\t\t\t}","\t\t\t\t\tnext();","\t\t\t\t});","\t\t\t} else {","\t\t\t\t// Inject local file","\t\t\t\tpage.injectJs(options.htmlcs, function(error, injected) {","\t\t\t\t\tif (error) {","\t\t\t\t\t\treturn next(error);","\t\t\t\t\t}","\t\t\t\t\tif (!injected) {","\t\t\t\t\t\treturn next(new Error('Pa11y was unable to inject scripts into the page'));","\t\t\t\t\t}","\t\t\t\t\tnext();","\t\t\t\t});","\t\t\t}","\t\t},","","\t\t// Inject Pa11y","\t\tfunction(next) {","\t\t\toptions.log.debug('Injecting Pa11y');","\t\t\tpage.injectJs(path.join(__dirname, '/inject.js'), function(error, injected) {","\t\t\t\tif (error) {","\t\t\t\t\treturn next(error);","\t\t\t\t}","\t\t\t\tif (!injected) {","\t\t\t\t\treturn next(new Error('Pa11y was unable to inject scripts into the page'));","\t\t\t\t}","","\t\t\t\tnext();","\t\t\t});","\t\t},","","\t\t// Run Pa11y on the page","\t\tfunction(next) {","\t\t\toptions.log.debug('Running Pa11y on the page');","\t\t\tif (options.wait > 0) {","\t\t\t\toptions.log.debug('Waiting for ' + options.wait + 'ms');","\t\t\t}","\t\t\tpage.evaluate(function(options) {","\t\t\t\t/* global injectPa11y: true, window: true */","\t\t\t\tif (typeof window.callPhantom !== 'function') {","\t\t\t\t\treturn {","\t\t\t\t\t\terror: 'Pa11y could not report back to PhantomJS'","\t\t\t\t\t};","\t\t\t\t}","\t\t\t\tinjectPa11y(window, options, window.callPhantom);","\t\t\t}, {","\t\t\t\thideElements: options.hideElements,","\t\t\t\tignore: options.ignore,","\t\t\t\trootElement: options.rootElement,","\t\t\t\tstandard: options.standard,","\t\t\t\twait: options.wait,","\t\t\t\tverifyPage: options.verifyPage,","\t\t\t\trules: options.rules","\t\t\t}, next);","\t\t}","","\t], function(error, result) {","\t\t// catch any errors which occur in the injection process","\t\tif (error) {","\t\t\tpage.onCallback(error);","\t\t}","\t\tif (result && result.error) {","\t\t\tpage.onCallback(result);","\t\t}","\t});","}",""],"l":{"3":1,"4":1,"5":1,"6":1,"7":1,"8":1,"9":1,"10":1,"11":1,"12":1,"14":1,"15":1,"16":1,"50":1,"51":1,"52":1,"53":0,"55":1,"58":1,"59":1,"60":1,"61":1,"64":1,"66":0,"67":0,"68":0,"70":0,"71":0,"73":0,"76":0,"77":0,"78":0,"79":0,"80":0,"82":0,"86":0,"89":0,"93":0,"94":0,"95":0,"96":0,"97":0,"99":0,"100":0,"105":0,"106":0,"108":0,"109":0,"110":0,"112":0,"113":0,"114":0,"116":0,"122":0,"123":0,"125":0,"126":0,"127":0,"129":0,"130":0,"132":0,"136":0,"137":0,"138":0,"140":0,"141":0,"143":0,"150":0,"151":0,"152":0,"153":0,"155":0,"156":0,"159":0,"165":0,"166":0,"167":0,"169":0,"171":0,"172":0,"176":0,"190":0,"191":0,"193":0,"194":0}},"/home/travis/build/npmtest/node-npmtest-pa11y/node_modules/pa11y/lib/action.js":{"path":"/home/travis/build/npmtest/node-npmtest-pa11y/node_modules/pa11y/lib/action.js","s":{"1":1,"2":1,"3":0,"4":0,"5":0,"6":0,"7":0,"8":0,"9":0,"10":0,"11":0,"12":0,"13":0,"14":0,"15":0,"16":1,"17":1,"18":0,"19":0,"20":1,"21":0,"22":0,"23":0,"24":0,"25":0,"26":0,"27":0,"28":0,"29":0,"30":0,"31":0,"32":0,"33":0,"34":0,"35":0,"36":0,"37":0,"38":0,"39":0,"40":0,"41":0,"42":0,"43":0,"44":0,"45":0,"46":0,"47":0,"48":0,"49":0,"50":0,"51":0,"52":0,"53":0,"54":1,"55":0,"56":0,"57":0,"58":0,"59":0,"60":0,"61":0,"62":0,"63":0,"64":0,"65":0,"66":0,"67":0,"68":0,"69":0,"70":0,"71":0,"72":0},"b":{"1":[0,0],"2":[0,0],"3":[0,0],"4":[0,0],"5":[0,0],"6":[0,0],"7":[0,0],"8":[0,0],"9":[0,0],"10":[0,0],"11":[0,0,0,0,0],"12":[0,0]},"f":{"1":0,"2":0,"3":0,"4":0,"5":0,"6":0,"7":0,"8":0,"9":0,"10":0,"11":0,"12":0,"13":0,"14":0,"15":0,"16":0,"17":0,"18":0,"19":0,"20":0,"21":0,"22":0,"23":0,"24":0},"fnMap":{"1":{"name":"buildAction","line":7,"loc":{"start":{"line":7,"column":0},"end":{"line":7,"column":59}}},"2":{"name":"(anonymous_2)","line":10,"loc":{"start":{"line":10,"column":56},"end":{"line":10,"column":80}}},"3":{"name":"(anonymous_3)","line":22,"loc":{"start":{"line":22,"column":8},"end":{"line":22,"column":23}}},"4":{"name":"(anonymous_4)","line":27,"loc":{"start":{"line":27,"column":15},"end":{"line":27,"column":31}}},"5":{"name":"isValidAction","line":38,"loc":{"start":{"line":38,"column":0},"end":{"line":38,"column":37}}},"6":{"name":"(anonymous_6)","line":39,"loc":{"start":{"line":39,"column":43},"end":{"line":39,"column":67}}},"7":{"name":"(anonymous_7)","line":51,"loc":{"start":{"line":51,"column":9},"end":{"line":51,"column":51}}},"8":{"name":"(anonymous_8)","line":56,"loc":{"start":{"line":56,"column":10},"end":{"line":56,"column":25}}},"9":{"name":"(anonymous_9)","line":57,"loc":{"start":{"line":57,"column":18},"end":{"line":57,"column":42}}},"10":{"name":"(anonymous_10)","line":63,"loc":{"start":{"line":63,"column":22},"end":{"line":63,"column":46}}},"11":{"name":"(anonymous_11)","line":78,"loc":{"start":{"line":78,"column":9},"end":{"line":78,"column":51}}},"12":{"name":"(anonymous_12)","line":84,"loc":{"start":{"line":84,"column":10},"end":{"line":84,"column":25}}},"13":{"name":"(anonymous_13)","line":85,"loc":{"start":{"line":85,"column":18},"end":{"line":85,"column":42}}},"14":{"name":"(anonymous_14)","line":91,"loc":{"start":{"line":91,"column":22},"end":{"line":91,"column":46}}},"15":{"name":"(anonymous_15)","line":107,"loc":{"start":{"line":107,"column":9},"end":{"line":107,"column":51}}},"16":{"name":"(anonymous_16)","line":116,"loc":{"start":{"line":116,"column":10},"end":{"line":116,"column":25}}},"17":{"name":"(anonymous_17)","line":117,"loc":{"start":{"line":117,"column":18},"end":{"line":117,"column":42}}},"18":{"name":"(anonymous_18)","line":123,"loc":{"start":{"line":123,"column":22},"end":{"line":123,"column":46}}},"19":{"name":"(anonymous_19)","line":140,"loc":{"start":{"line":140,"column":9},"end":{"line":140,"column":51}}},"20":{"name":"waitForValue","line":147,"loc":{"start":{"line":147,"column":3},"end":{"line":147,"column":46}}},"21":{"name":"(anonymous_21)","line":148,"loc":{"start":{"line":148,"column":18},"end":{"line":148,"column":42}}},"22":{"name":"(anonymous_22)","line":167,"loc":{"start":{"line":167,"column":22},"end":{"line":167,"column":46}}},"23":{"name":"(anonymous_23)","line":172,"loc":{"start":{"line":172,"column":17},"end":{"line":172,"column":28}}},"24":{"name":"(anonymous_24)","line":179,"loc":{"start":{"line":179,"column":10},"end":{"line":179,"column":25}}}},"statementMap":{"1":{"start":{"line":3,"column":0},"end":{"line":3,"column":29}},"2":{"start":{"line":7,"column":0},"end":{"line":34,"column":1}},"3":{"start":{"line":10,"column":1},"end":{"line":12,"column":4}},"4":{"start":{"line":11,"column":2},"end":{"line":11,"column":48}},"5":{"start":{"line":16,"column":1},"end":{"line":16,"column":18}},"6":{"start":{"line":17,"column":1},"end":{"line":19,"column":2}},"7":{"start":{"line":18,"column":2},"end":{"line":18,"column":102}},"8":{"start":{"line":22,"column":1},"end":{"line":33,"column":3}},"9":{"start":{"line":23,"column":2},"end":{"line":25,"column":3}},"10":{"start":{"line":24,"column":3},"end":{"line":24,"column":86}},"11":{"start":{"line":26,"column":2},"end":{"line":26,"column":55}},"12":{"start":{"line":27,"column":2},"end":{"line":32,"column":5}},"13":{"start":{"line":28,"column":3},"end":{"line":30,"column":4}},"14":{"start":{"line":29,"column":4},"end":{"line":29,"column":46}},"15":{"start":{"line":31,"column":3},"end":{"line":31,"column":15}},"16":{"start":{"line":36,"column":0},"end":{"line":36,"column":45}},"17":{"start":{"line":38,"column":0},"end":{"line":42,"column":1}},"18":{"start":{"line":39,"column":1},"end":{"line":41,"column":4}},"19":{"start":{"line":40,"column":2},"end":{"line":40,"column":48}},"20":{"start":{"line":44,"column":0},"end":{"line":185,"column":2}},"21":{"start":{"line":52,"column":3},"end":{"line":54,"column":5}},"22":{"start":{"line":56,"column":3},"end":{"line":69,"column":5}},"23":{"start":{"line":57,"column":4},"end":{"line":68,"column":7}},"24":{"start":{"line":58,"column":5},"end":{"line":58,"column":65}},"25":{"start":{"line":59,"column":5},"end":{"line":61,"column":6}},"26":{"start":{"line":60,"column":6},"end":{"line":60,"column":21}},"27":{"start":{"line":62,"column":5},"end":{"line":62,"column":28}},"28":{"start":{"line":64,"column":5},"end":{"line":66,"column":6}},"29":{"start":{"line":65,"column":6},"end":{"line":65,"column":109}},"30":{"start":{"line":67,"column":5},"end":{"line":67,"column":12}},"31":{"start":{"line":79,"column":3},"end":{"line":82,"column":5}},"32":{"start":{"line":84,"column":3},"end":{"line":97,"column":5}},"33":{"start":{"line":85,"column":4},"end":{"line":96,"column":7}},"34":{"start":{"line":86,"column":5},"end":{"line":86,"column":65}},"35":{"start":{"line":87,"column":5},"end":{"line":89,"column":6}},"36":{"start":{"line":88,"column":6},"end":{"line":88,"column":41}},"37":{"start":{"line":90,"column":5},"end":{"line":90,"column":28}},"38":{"start":{"line":92,"column":5},"end":{"line":94,"column":6}},"39":{"start":{"line":93,"column":6},"end":{"line":93,"column":109}},"40":{"start":{"line":95,"column":5},"end":{"line":95,"column":12}},"41":{"start":{"line":108,"column":3},"end":{"line":111,"column":5}},"42":{"start":{"line":112,"column":3},"end":{"line":114,"column":4}},"43":{"start":{"line":113,"column":4},"end":{"line":113,"column":34}},"44":{"start":{"line":116,"column":3},"end":{"line":129,"column":5}},"45":{"start":{"line":117,"column":4},"end":{"line":128,"column":7}},"46":{"start":{"line":118,"column":5},"end":{"line":118,"column":65}},"47":{"start":{"line":119,"column":5},"end":{"line":121,"column":6}},"48":{"start":{"line":120,"column":6},"end":{"line":120,"column":45}},"49":{"start":{"line":122,"column":5},"end":{"line":122,"column":28}},"50":{"start":{"line":124,"column":5},"end":{"line":126,"column":6}},"51":{"start":{"line":125,"column":6},"end":{"line":125,"column":109}},"52":{"start":{"line":127,"column":5},"end":{"line":127,"column":12}},"53":{"start":{"line":141,"column":3},"end":{"line":145,"column":5}},"54":{"start":{"line":147,"column":3},"end":{"line":177,"column":4}},"55":{"start":{"line":148,"column":4},"end":{"line":176,"column":7}},"56":{"start":{"line":150,"column":5},"end":{"line":150,"column":15}},"57":{"start":{"line":151,"column":5},"end":{"line":165,"column":6}},"58":{"start":{"line":154,"column":7},"end":{"line":154,"column":36}},"59":{"start":{"line":155,"column":7},"end":{"line":155,"column":13}},"60":{"start":{"line":157,"column":7},"end":{"line":157,"column":40}},"61":{"start":{"line":158,"column":7},"end":{"line":158,"column":13}},"62":{"start":{"line":160,"column":7},"end":{"line":160,"column":36}},"63":{"start":{"line":161,"column":7},"end":{"line":161,"column":13}},"64":{"start":{"line":164,"column":7},"end":{"line":164,"column":13}},"65":{"start":{"line":166,"column":5},"end":{"line":166,"column":18}},"66":{"start":{"line":168,"column":5},"end":{"line":168,"column":57}},"67":{"start":{"line":169,"column":5},"end":{"line":175,"column":6}},"68":{"start":{"line":170,"column":6},"end":{"line":170,"column":13}},"69":{"start":{"line":172,"column":6},"end":{"line":174,"column":14}},"70":{"start":{"line":173,"column":7},"end":{"line":173,"column":55}},"71":{"start":{"line":179,"column":3},"end":{"line":181,"column":5}},"72":{"start":{"line":180,"column":4},"end":{"line":180,"column":52}}},"branchMap":{"1":{"line":17,"type":"if","locations":[{"start":{"line":17,"column":1},"end":{"line":17,"column":1}},{"start":{"line":17,"column":1},"end":{"line":17,"column":1}}]},"2":{"line":23,"type":"if","locations":[{"start":{"line":23,"column":2},"end":{"line":23,"column":2}},{"start":{"line":23,"column":2},"end":{"line":23,"column":2}}]},"3":{"line":28,"type":"if","locations":[{"start":{"line":28,"column":3},"end":{"line":28,"column":3}},{"start":{"line":28,"column":3},"end":{"line":28,"column":3}}]},"4":{"line":59,"type":"if","locations":[{"start":{"line":59,"column":5},"end":{"line":59,"column":5}},{"start":{"line":59,"column":5},"end":{"line":59,"column":5}}]},"5":{"line":64,"type":"if","locations":[{"start":{"line":64,"column":5},"end":{"line":64,"column":5}},{"start":{"line":64,"column":5},"end":{"line":64,"column":5}}]},"6":{"line":87,"type":"if","locations":[{"start":{"line":87,"column":5},"end":{"line":87,"column":5}},{"start":{"line":87,"column":5},"end":{"line":87,"column":5}}]},"7":{"line":92,"type":"if","locations":[{"start":{"line":92,"column":5},"end":{"line":92,"column":5}},{"start":{"line":92,"column":5},"end":{"line":92,"column":5}}]},"8":{"line":112,"type":"if","locations":[{"start":{"line":112,"column":3},"end":{"line":112,"column":3}},{"start":{"line":112,"column":3},"end":{"line":112,"column":3}}]},"9":{"line":119,"type":"if","locations":[{"start":{"line":119,"column":5},"end":{"line":119,"column":5}},{"start":{"line":119,"column":5},"end":{"line":119,"column":5}}]},"10":{"li
[...]
path":"/home/travis/build/npmtest/node-npmtest-pa11y/node_modules/pa11y/reporter/csv.js","s":{"1":1,"2":1,"3":1,"4":0,"5":1,"6":0,"7":1,"8":0,"9":1,"10":0},"b":{},"f":{"1":0,"2":0,"3":0,"4":0,"5":0},"fnMap":{"1":{"name":"emptyFunction","line":12,"loc":{"start":{"line":12,"column":0},"end":{"line":12,"column":25}}},"2":{"name":"reportError","line":14,"loc":{"start":{"line":14,"column":0},"end":{"line":14,"column":30}}},"3":{"name":"reportResults","line":18,"loc":{"start":{"line":18,"column":0},"end":{"line":18,"column":32}}},"4":{"name":"buildCsv","line":22,"loc":{"start":{"line":22,"column":0},"end":{"line":22,"column":27}}},"5":{"name":"buildCsvRow","line":28,"loc":{"start":{"line":28,"column":0},"end":{"line":28,"column":29}}}},"statementMap":{"1":{"start":{"line":3,"column":0},"end":{"line":10,"column":2}},"2":{"start":{"line":12,"column":0},"end":{"line":12,"column":27}},"3":{"start":{"line":14,"column":0},"end":{"line":16,"column":1}},"4":{"start":{"line":15,"column":1},"end":{"line":15,"column":24}},"5":{"start":{"line":18,"column":0},"end":{"line":20,"column":1}},"6":{"start":{"line":19,"column":1},"end":{"line":19,"column":32}},"7":{"start":{"line":22,"column":0},"end":{"line":26,"column":1}},"8":{"start":{"line":23,"column":1},"end":{"line":25,"column":14}},"9":{"start":{"line":28,"column":0},"end":{"line":36,"column":1}},"10":{"start":{"line":29,"column":1},"end":{"line":35,"column":13}}},"branchMap":{},"code":["'use strict';","","module.exports = {","\tbegin: emptyFunction,","\terror: reportError,","\tdebug: emptyFunction,","\tinfo: emptyFunction,","\tresults: reportResults,","\tprocess: buildCsv","};","","function emptyFunction() {}","","function reportError(message) {","\tconsole.error(message);","}","","function reportResults(results) {","\tconsole.log(buildCsv(results));","}","","function buildCsv(results) {","\treturn ['\"type\",\"code\",\"message\",\"context\",\"selector\"']","\t\t.concat(results.map(buildCsvRow))","\t\t.join('\\n');","}","","function buildCsvRow(result) {","\treturn [","\t\tJSON.stringify(result.type),","\t\tJSON.stringify(result.code),","\t\tJSON.stringify(result.message),","\t\tJSON.stringify(result.context),","\t\tJSON.stringify(result.selector)","\t].join(',');","}",""],"l":{"3":1,"12":1,"14":1,"15":0,"18":1,"19":0,"22":1,"23":0,"28":1,"29":0}},"/home/travis/build/npmtest/node-npmtest-pa11y/node_modules/pa11y/reporter/html.js":{"path":"/home/travis/build/npmtest/node-npmtest-pa11y/node_modules/pa11y/reporter/html.js","s":{"1":1,"2":1,"3":1,"4":1,"5":1,"6":0,"7":1,"8":0,"9":1,"10":0,"11":0,"12":1,"13":0,"14":0,"15":0,"16":0,"17":1,"18":0,"19":0,"20":0,"21":0,"22":0,"23":0,"24":0,"25":1,"26":0,"27":1,"28":0,"29":1,"30":0,"31":1,"32":0,"33":1,"34":0},"b":{},"f":{"1":0,"2":0,"3":0,"4":0,"5":0,"6":0,"7":0,"8":0,"9":0,"10":0,"11":0,"12":0,"13":0,"14":0},"fnMap":{"1":{"name":"emptyFunction","line":15,"loc":{"start":{"line":15,"column":0},"end":{"line":15,"column":25}}},"2":{"name":"reportError","line":17,"loc":{"start":{"line":17,"column":0},"end":{"line":17,"column":30}}},"3":{"name":"reportResults","line":21,"loc":{"start":{"line":21,"column":0},"end":{"line":21,"column":37}}},"4":{"name":"buildHtml","line":25,"loc":{"start":{"line":25,"column":0},"end":{"line":25,"column":33}}},"5":{"name":"buildResultsHtml","line":37,"loc":{"start":{"line":37,"column":0},"end":{"line":37,"column":35}}},"6":{"name":"(anonymous_6)","line":39,"loc":{"start":{"line":39,"column":20},"end":{"line":39,"column":37}}},"7":{"name":"template","line":45,"loc":{"start":{"line":45,"column":0},"end":{"line":45,"column":28}}},"8":{"name":"(anonymous_8)","line":47,"loc":{"start":{"line":47,"column":8},"end":{"line":47,"column":26}}},"9":{"name":"(anonymous_9)","line":49,"loc":{"start":{"line":49,"column":31},"end":{"line":49,"column":45}}},"10":{"name":"upperCaseFirst","line":57,"loc":{"start":{"line":57,"column":0},"end":{"line":57,"column":32}}},"11":{"name":"escapeHtml","line":61,"loc":{"start":{"line":61,"column":0},"end":{"line":61,"column":26}}},"12":{"name":"isError","line":70,"loc":{"start":{"line":70,"column":0},"end":{"line":70,"column":25}}},"13":{"name":"isNotice","line":74,"loc":{"start":{"line":74,"column":0},"end":{"line":74,"column":26}}},"14":{"name":"isWarning","line":78,"loc":{"start":{"line":78,"column":0},"end":{"line":78,"column":27}}}},"statementMap":{"1":{"start":{"line":3,"column":0},"end":{"line":3,"column":23}},"2":{"start":{"line":4,"column":0},"end":{"line":4,"column":27}},"3":{"start":{"line":6,"column":0},"end":{"line":13,"column":2}},"4":{"start":{"line":15,"column":0},"end":{"line":15,"column":27}},"5":{"start":{"line":17,"column":0},"end":{"line":19,"column":1}},"6":{"start":{"line":18,"column":1},"end":{"line":18,"column":24}},"7":{"start":{"line":21,"column":0},"end":{"line":23,"column":1}},"8":{"start":{"line":22,"column":1},"end":{"line":22,"column":38}},"9":{"start":{"line":25,"column":0},"end":{"line":35,"column":1}},"10":{"start":{"line":26,"column":1},"end":{"line":26,"column":70}},"11":{"start":{"line":27,"column":1},"end":{"line":34,"column":4}},"12":{"start":{"line":37,"column":0},"end":{"line":43,"column":1}},"13":{"start":{"line":38,"column":1},"end":{"line":38,"column":72}},"14":{"start":{"line":39,"column":1},"end":{"line":42,"column":13}},"15":{"start":{"line":40,"column":2},"end":{"line":40,"column":49}},"16":{"start":{"line":41,"column":2},"end":{"line":41,"column":30}},"17":{"start":{"line":45,"column":0},"end":{"line":55,"column":1}},"18":{"start":{"line":46,"column":1},"end":{"line":46,"column":50}},"19":{"start":{"line":47,"column":1},"end":{"line":54,"column":3}},"20":{"start":{"line":48,"column":2},"end":{"line":48,"column":23}},"21":{"start":{"line":49,"column":2},"end":{"line":52,"column":5}},"22":{"start":{"line":50,"column":3},"end":{"line":50,"column":91}},"23":{"start":{"line":51,"column":3},"end":{"line":51,"column":85}},"24":{"start":{"line":53,"column":2},"end":{"line":53,"column":44}},"25":{"start":{"line":57,"column":0},"end":{"line":59,"column":1}},"26":{"start":{"line":58,"column":1},"end":{"line":58,"column":57}},"27":{"start":{"line":61,"column":0},"end":{"line":68,"column":1}},"28":{"start":{"line":62,"column":1},"end":{"line":67,"column":25}},"29":{"start":{"line":70,"column":0},"end":{"line":72,"column":1}},"30":{"start":{"line":71,"column":1},"end":{"line":71,"column":34}},"31":{"start":{"line":74,"column":0},"end":{"line":76,"column":1}},"32":{"start":{"line":75,"column":1},"end":{"line":75,"column":35}},"33":{"start":{"line":78,"column":0},"end":{"line":80,"column":1}},"34":{"start":{"line":79,"column":1},"end":{"line":79,"column":36}}},"branchMap":{},"code":["'use strict';","","var fs = require('fs');","var path = require('path');","","module.exports = {","\tbegin: emptyFunction,","\terror: reportError,","\tdebug: emptyFunction,","\tinfo: emptyFunction,","\tresults: reportResults,","\tprocess: buildHtml","};","","function emptyFunction() {}","","function reportError(message) {","\tconsole.error(message);","}","","function reportResults(results, url) {","\tconsole.log(buildHtml(results, url));","}","","function buildHtml(results, url) {","\tvar renderMain = template(path.join(__dirname, '/html/report.html'));","\treturn renderMain({","\t\tdate: new Date(),","\t\terrorCount: results.filter(isError).length,","\t\twarningCount: results.filter(isWarning).length,","\t\tnoticeCount: results.filter(isNotice).length,","\t\tresults: buildResultsHtml(results),","\t\turl: url","\t});","}","","function buildResultsHtml(results) {","\tvar renderResult = template(path.join(__dirname, '/html/result.html'));","\treturn results.map(function(result) {","\t\tresult.typeLabel = upperCaseFirst(result.type);","\t\treturn renderResult(result);","\t}).join('');","}","","function template(filePath) {","\tvar content = fs.readFileSync(filePath, 'utf-8');","\treturn function(context) {","\t\tvar output = content;","\t\tObject.keys(context).forEach(function(key) {","\t\t\toutput = output.replace(new RegExp('\\\\{' + key + '\\\\}', 'g'), escapeHtml(context[key]));","\t\t\toutput = output.replace(new RegExp('\\\\{' + key + '\\\\|raw\\\\}', 'g'), context[key]);","\t\t});","\t\treturn output.replace(/\\s+/g, ' ').trim();","\t};","}","","function upperCaseFirst(string) {","\treturn string.charAt(0).toUpperCase() + string.slice(1);","}","","function escapeHtml(html) {","\treturn String(html)","\t\t.replace(/&/g, '&amp;')","\t\t.replace(/\"/g, '&quot;')","\t\t.replace(/'/g, '&#39;')","\t\t.replace(/</g, '&lt;')","\t\t.replace(/>/g, '&gt;');","}","","function isError(result) {","\treturn (result.type === 'error');","}","","function isNotice(result) {","\treturn (result.type === 'notice');","}","","function isWarning(result) {","\treturn (result.type === 'warning');","}",""],"l":{"3":1,"4":1,"6":1,"15":1,"17":1,"18":0,"21":1,"22":0,"25":1,"26":0,"27":0,"37":1,"38":0,"39":0,"40":0,"41":0,"45":1,"46":0,"47":0,"48":0,"49":0,"50":0,"51":0,"53":0,"57":1,"58":0,"61":1,"62":0,"70":1,"71":0,"74":1,"75":0,"78":1,"79":0}},"/home/travis/build/npmtest/node-npmtest-pa11y/node_modules/pa11y/reporter/json.js":{"path":"/home/travis/build/npmtest/node-npmtest-pa11y/node_modules/pa11y/reporter/json.js","s":{"1":1,"2":1,"3":1,"4":1,"5":0,"6":1,"7":0,"8":0,"9":0,"10":0,"11":0,"12":0,"13":1,"14":0},"b":{},"f":{"1":0,"2":0,"3":0,"4":0,"5":0,"6":0},"fnMap":{"1":{"name":"emptyFunction","line":14,"loc":{"start":{"line":14,"column":0},"end":{"line":14,"column":25}}},"2":{"name":"reportError","line":16,"loc":{"start":{"line":16,"column":0},"end":{"line":16,"column":30}}},"3":{"name":"reportResults","line":20,"loc":{"start":{"line":20,"column":0},"end":{"line":20,"column":32}}},"4":{"name":"(anonymous_4)","line":22,"loc":{"start":{"line":22,"column":24},"end":{"line":22,"column":40}}},"5":{"name":"(anonymous_5)","line":25,"loc":{"start":{"line":25,"column":18},"end":{"line":25,"column":29}}},"6":{"name":"buildJson","line":31,"loc":{"start":{"line":31,"column":0},"end":{"line":31,"column":28}}}},"statementMap":{"1":{"start":{"line":3,"column":0},"end":{"line":3,"column":25}},"2":{"start":{"line":5,"column":0},"end":{"line":12,"column":2}},"3":{"start":{"line":14,"column":0},"end":{"line":14,"column":27}},"4":{"start":{"line":16,"column":0},"end":{"line":18,"column":1}},"5":{"start":{"line":17,"column":1},"end":{"line":17,"column":24}},"6":{"start":{"line":20,"column":0},"end":{"line":29,"column":1}},"7":{"start":{"line":21,"column":1},"end":{"line":21,"column":37}},"8":{"start":{"line":22,"column":1},"end":{"line":24,"column":4}},"9":{"start":{"line":23,"column":2},"end":{"line":23,"column":29}},"10":{"start":{"line":25,"column":1},"end":{"line":27,"column":4}},"11":{"start":{"line":26,"column":2},"end":{"line":26,"column":29}},"12":{"start":{"line":28,"column":1},"end":{"line":28,"column":29}},"13":{"start":{"line":31,"column":0},"end":{"line":33,"column":1}},"14":{"start":{"line":32,"column":1},"end":{"line":32,"column":16}}},"branchMap":{},"code":["'use strict';","","var bfj = require('bfj');","","module.exports = {","\tbegin: emptyFunction,","\terror: reportError,","\tdebug: emptyFunction,","\tinfo: emptyFunction,","\tresults: reportResults,","\tprocess: buildJson","};","","function emptyFunction() {}","","function reportError(message) {","\tconsole.error(message);","}","","function reportResults(results) {","\tvar stream = bfj.streamify(results);","\tstream.on('dataError', function(error) {","\t\treportError(error.message);","\t});","\tstream.on('end', function() {","\t\tprocess.stdout.write('\\n');","\t});","\tstream.pipe(process.stdout);","}","","function buildJson(results) {","\treturn results;","}",""],"l":{"3":1,"5":1,"14":1,"16":1,"17":0,"20":1,"21":0,"22":0,"23":0,"25":0,"26":0,"28":0,"31":1,"32":0}},"/home/travis/build/npmtest/node-npmtest-pa11y/node_modules/pa11y/reporter/markdown.js":{"path":"/home/travis/build/npmtest/node-npmtest-pa11y/node_modules/pa11y/reporter/markdown.js","s":{"1":1,"2":1,"3":1,"4":1,"5":0,"6":1,"7":0,"8":1,"9":0,"10":0,"11":0,"12":0,"13":0,"14":0,"15":1,"16":0,"17":1,"18":0,"19":1,"20":0,"21":0,"22":0,"23":0,"24":1,"25":0,"26":1,"27":0,"28":1,"29":0},"b":{"1":[0,0]},"f":{"1":0,"2":0,"3":0,"4":0,"5":0,"6":0,"7":0,"8":0,"9":0,"10":0},"fnMap":{"1":{"name":"emptyFunction","line":19,"loc":{"start":{"line":19,"column":0},"end":{"line":19,"column":25}}},"2":{"name":"reportError","line":21,"loc":{"start":{"line":21,"column":0},"end":{"line":21,"column":30}}},"3":{"name":"reportResults","line":25,"loc":{"start":{"line":25,"column":0},"end":{"line":25,"column":37}}},"4":{"name":"buildMarkdown","line":29,"loc":{"start":{"line":29,"column":0},"end":{"line":29,"column":37}}},"5":{"name":"buildResultsMarkdown","line":43,"loc":{"start":{"line":43,"column":0},"end":{"line":43,"column":39}}},"6":{"name":"buildResultMarkdown","line":47,"loc":{"start":{"line":47,"column":0},"end":{"line":47,"column":37}}},"7":{"name":"buildTotalsMarkdown","line":56,"loc":{"start":{"line":56,"column":0},"end":{"line":56,"column":38}}},"8":{"name":"isError","line":69,"loc":{"start":{"line":69,"column":0},"end":{"line":69,"column":25}}},"9":{"name":"isNotice","line":73,"loc":{"start":{"line":73,"column":0},"end":{"line":73,"column":26}}},"10":{"name":"isWarning","line":77,"loc":{"start":{"line":77,"column":0},"end":{"line":77,"column":27}}}},"statementMap":{"1":{"start":{"line":3,"column":0},"end":{"line":8,"column":2}},"2":{"start":{"line":10,"column":0},"end":{"line":17,"column":2}},"3":{"start":{"line":19,"column":0},"end":{"line":19,"column":27}},"4":{"start":{"line":21,"column":0},"end":{"line":23,"column":1}},"5":{"start":{"line":22,"column":1},"end":{"line":22,"column":24}},"6":{"start":{"line":25,"column":0},"end":{"line":27,"column":1}},"7":{"start":{"line":26,"column":1},"end":{"line":26,"column":42}},"8":{"start":{"line":29,"column":0},"end":{"line":41,"column":1}},"9":{"start":{"line":30,"column":1},"end":{"line":33,"column":3}},"10":{"start":{"line":34,"column":1},"end":{"line":39,"column":2}},"11":{"start":{"line":35,"column":2},"end":{"line":35,"column":38}},"12":{"start":{"line":37,"column":2},"end":{"line":37,"column":44}},"13":{"start":{"line":38,"column":2},"end":{"line":38,"column":43}},"14":{"start":{"line":40,"column":1},"end":{"line":40,"column":25}},"15":{"start":{"line":43,"column":0},"end":{"line":45,"column":1}},"16":{"start":{"line":44,"column":1},"end":{"line":44,"column":50}},"17":{"start":{"line":47,"column":0},"end":{"line":54,"column":1}},"18":{"start":{"line":48,"column":1},"end":{"line":53,"column":23}},"19":{"start":{"line":56,"column":0},"end":{"line":67,"column":1}},"20":{"start":{"line":57,"column":1},"end":{"line":57,"column":50}},"21":{"start":{"line":58,"column":1},"end":{"line":58,"column":52}},"22":{"start":{"line":59,"column":1},"end":{"line":59,"column":54}},"23":{"start":{"line":61,"column":1},"end":{"line":66,"column":21}},"24":{"start":{"line":69,"column":0},"end":{"line":71,"column":1}},"25":{"start":{"line":70,"column":1},"end":{"line":70,"column":34}},"26":{"start":{"line":73,"column":0},"end":{"line":75,"column":1}},"27":{"start":{"line":74,"column":1},"end":{"line":74,"column":35}},"28":{"start":{"line":77,"column":0},"end":{"line":79,"column":1}},"29":{"start":{"line":78,"column":1},"end":{"line":78,"column":36}}},"branchMap":{"1":{"line":34,"type":"if","locations":[{"start":{"line":34,"column":1},"end":{"line":34,"column":1}},{"start":{"line":34,"column":1},"end":{"line":34,"column":1}}]}},"code":["'use strict';","","var typeStarts = {","\terror: '__Error:__ ',","\tnotice: '__Notice:__ ',","\tunknown: '',","\twarning: '__Warning:__ '","};","","module.exports = {","\tbegin: emptyFunction,","\terror: reportError,","\tdebug: emptyFunction,","\tinfo: emptyFunction,","\tresults: reportResults,","\tprocess: buildMarkdown","};","","function emptyFunction() {}","","function reportError(message) {","\tconsole.error(message);","}","","function reportResults(results, url) {","\tconsole.log(buildMarkdown(results, url));","}","","function buildMarkdown(results, url) {","\tvar lines = [","\t\t'# Welcome to Pa11y\\n',","\t\t'## Results for ' + url + ':'","\t];","\tif (results.length === 0) {","\t\tlines.push('\\n * No errors found!');","\t} else {","\t\tlines.push(buildResultsMarkdown(results));","\t\tlines.push(buildTotalsMarkdown(results));","\t}","\treturn lines.join('\\n');","}","","function buildResultsMarkdown(results) {","\treturn results.map(buildResultMarkdown).join('');","}","","function buildResultMarkdown(result) {","\treturn [","\t\t'* ' + typeStarts[result.type] + result.message,","\t\t' * ' + result.code,","\t\t' * ' + result.selector.replace(/\\s+/g, ' '),","\t\t' * `' + result.context.replace(/\\s+/g, ' ') + '`'","\t].join('\\n') + '\\n\\n';","}","","function buildTotalsMarkdown(results) {","\tvar totalErrors = results.filter(isError).length;","\tvar totalNotices = results.filter(isNotice).length;","\tvar totalWarnings = results.filter(isWarning).length;","","\treturn [","\t\t'## Summary:',","\t\t'* ' + totalErrors + ' Errors',","\t\t'* ' + totalWarnings + ' Warnings',","\t\t'* ' + totalNotices + ' Notices'","\t].join('\\n') + '\\n';","}","","function isError(result) {","\treturn (result.type === 'error');","}","","function isNotice(result) {","\treturn (result.type === 'notice');","}","","function isWarning(result) {","\treturn (result.type === 'warning');","}",""],"l":{"3":1,"10":1,"19":1,"21":1,"22":0,"25":1,"26":0,"29":1,"30":0,"34":0,"35":0,"37":0,"38":0,"40":0,"43":1,"44":0,"47":1,"48":0,"56":1,"57":0,"58":0,"59":0,"61":0,"69":1,"70":0,"73":1,"74":0,"77":1,"78":0}},"/home/travis/build/npmtest/node-npmtest-pa11y/node_modules/pa11y/reporter/tsv.js":{"path":"/home/travis/build/npmtest/node-npmtest-pa11y/node_modules/pa11y/reporter/tsv.js","s":{"1":1,"2":1,"3":1,"4":0,"5":1,"6":0,"7":1,"8":0,"9":1,"10":0},"b":{},"f":{"1":0,"2":0,"3":0,"4":0,"5":0},"fnMap":{"1":{"name":"emptyFunction","line":12,"loc":{"start":{"line":12,"column":0},"end":{"line":12,"column":25}}},"2":{"name":"reportError","line":14,"loc":{"start":{"line":14,"column":0},"end":{"line":14,"column":30}}},"3":{"name":"reportResults","line":18,"loc":{"start":{"line":18,"column":0},"end":{"line":18,"column":32}}},"4":{"name":"buildTsv","line":22,"loc":{"start":{"line":22,"column":0},"end":{"line":22,"column":27}}},"5":{"name":"buildTsvRow","line":28,"loc":{"start":{"line":28,"column":0},"end":{"line":28,"column":29}}}},"statementMap":{"1":{"start":{"line":3,"column":0},"end":{"line":10,"column":2}},"2":{"start":{"line":12,"column":0},"end":{"line":12,"column":27}},"3":{"start":{"line":14,"column":0},"end":{"line":16,"column":1}},"4":{"start":{"line":15,"column":1},"end":{"line":15,"column":24}},"5":{"start":{"line":18,"column":0},"end":{"line":20,"column":1}},"6":{"start":{"line":19,"column":1},"end":{"line":19,"column":32}},"7":{"start":{"line":22,"column":0},"end":{"line":26,"column":1}},"8":{"start":{"line":23,"column":1},"end":{"line":25,"column":14}},"9":{"start":{"line":28,"column":0},"end":{"line":36,"column":1}},"10":{"start":{"line":29,"column":1},"end":{"line":35,"column":14}}},"branchMap":{},"code":["'use strict';","","module.exports = {","\tbegin: emptyFunction,","\terror: reportError,","\tdebug: emptyFunction,","\tinfo: emptyFunction,","\tresults: reportResults,","\tprocess: buildTsv","};","","function emptyFunction() {}","","function reportError(message) {","\tconsole.error(message);","}","","function reportResults(results) {","\tconsole.log(buildTsv(results));","}","","function buildTsv(results) {","\treturn [['type', 'code', 'message', 'context', 'selector'].join('\\t')]","\t\t.concat(results.map(buildTsvRow))","\t\t.join('\\n');","}","","function buildTsvRow(result) {","\treturn [","\t\tJSON.stringify(result.type),","\t\tJSON.stringify(result.code),","\t\tJSON.stringify(result.message),","\t\tJSON.stringify(result.context),","\t\tJSON.stringify(result.selector)","\t].join('\\t');","}",""],"l":{"3":1,"12":1,"14":1,"15":0,"18":1,"19":0,"22":1,"23":0,"28":1,"29":0}}}